TpTrace Verbose: 0 : 4532, 1, 2023/02/20, 11:26:43.959, 15216964184277, vstest.console.dll, Version: 17.4.0-release-20221019-01 Current process architecture: X64
TpTrace Verbose: 0 : 4532, 1, 2023/02/20, 11:26:43.964, 15216964226884, vstest.console.dll, Runtime location: C:\Program Files\dotnet\shared\Microsoft.NETCore.App\7.0.0
TpTrace Verbose: 0 : 4532, 1, 2023/02/20, 11:26:43.973, 15216964314605, vstest.console.dll, ArtifactProcessingPostProcessModeProcessorExecutor.Initialize: ArtifactProcessingMode.Collect
TpTrace Verbose: 0 : 4532, 1, 2023/02/20, 11:26:43.973, 15216964316713, vstest.console.dll, TestSessionCorrelationIdProcessorModeProcessorExecutor.Initialize: TestSessionCorrelationId '26260_8a590ef9-5180-4695-bbdf-81bd4ba90708'
TpTrace Information: 0 : 4532, 1, 2023/02/20, 11:26:43.990, 15216964489237, vstest.console.dll, FilePatternParser: The given file C:\Users\naido\Desktop\SoftUni\Svetlina\11th grade\C# OOP\04.Mini-Exam-Defining-Classes-Testing-Skeleton\ArrayListTests\bin\Debug\netcoreapp3.1\fine-code-coverage\build-output\ArrayListTests.dll is a full path.
TpTrace Verbose: 0 : 4532, 1, 2023/02/20, 11:26:44.009, 15216964680117, vstest.console.dll, TestPluginCache.DiscoverTestExtensions: finding test extensions in assemblies ends with: RuntimeProvider.dll TPluginInfo: Microsoft.VisualStudio.TestPlatform.Common.ExtensionFramework.Utilities.TestRuntimePluginInformation TExtension: Microsoft.VisualStudio.TestPlatform.ObjectModel.Host.ITestRuntimeProvider
TpTrace Verbose: 0 : 4532, 1, 2023/02/20, 11:26:44.010, 15216964685208, vstest.console.dll, TestPluginCache.GetExtensionPaths: Filtered extension paths: 
TpTrace Verbose: 0 : 4532, 1, 2023/02/20, 11:26:44.010, 15216964687163, vstest.console.dll, TestPluginCache.GetExtensionPaths: Added default extension paths: C:\Program Files\dotnet\sdk\7.0.100\Extensions\Microsoft.Diagnostics.NETCore.Client.dll
C:\Program Files\dotnet\sdk\7.0.100\Extensions\Microsoft.TestPlatform.Extensions.BlameDataCollector.dll
C:\Program Files\dotnet\sdk\7.0.100\Extensions\Microsoft.TestPlatform.Extensions.EventLogCollector.dll
C:\Program Files\dotnet\sdk\7.0.100\Extensions\Microsoft.TestPlatform.TestHostRuntimeProvider.dll
C:\Program Files\dotnet\sdk\7.0.100\Extensions\Microsoft.VisualStudio.TestPlatform.Extensions.Html.TestLogger.dll
C:\Program Files\dotnet\sdk\7.0.100\Extensions\Microsoft.VisualStudio.TestPlatform.Extensions.Trx.TestLogger.dll
TpTrace Verbose: 0 : 4532, 1, 2023/02/20, 11:26:44.010, 15216964687909, vstest.console.dll, TestPluginCache.GetExtensionPaths: Added unfilterableExtensionPaths: 
TpTrace Information: 0 : 4532, 1, 2023/02/20, 11:26:44.012, 15216964704582, vstest.console.dll, AssemblyResolver.ctor: Creating AssemblyResolver with searchDirectories C:\Program Files\dotnet\sdk\7.0.100\Extensions,C:\Program Files\dotnet\sdk\7.0.100
TpTrace Verbose: 0 : 4532, 1, 2023/02/20, 11:26:44.014, 15216964728520, vstest.console.dll, TestPluginCache.DiscoverTestExtensions: Discovering the extensions using extension path.
TpTrace Verbose: 0 : 4532, 1, 2023/02/20, 11:26:44.014, 15216964733151, vstest.console.dll, TestPluginCache.GetExtensionPaths: Filtered extension paths: 
TpTrace Verbose: 0 : 4532, 1, 2023/02/20, 11:26:44.014, 15216964734277, vstest.console.dll, TestPluginCache.GetExtensionPaths: Added default extension paths: C:\Program Files\dotnet\sdk\7.0.100\Extensions\Microsoft.Diagnostics.NETCore.Client.dll
C:\Program Files\dotnet\sdk\7.0.100\Extensions\Microsoft.TestPlatform.Extensions.BlameDataCollector.dll
C:\Program Files\dotnet\sdk\7.0.100\Extensions\Microsoft.TestPlatform.Extensions.EventLogCollector.dll
C:\Program Files\dotnet\sdk\7.0.100\Extensions\Microsoft.TestPlatform.TestHostRuntimeProvider.dll
C:\Program Files\dotnet\sdk\7.0.100\Extensions\Microsoft.VisualStudio.TestPlatform.Extensions.Html.TestLogger.dll
C:\Program Files\dotnet\sdk\7.0.100\Extensions\Microsoft.VisualStudio.TestPlatform.Extensions.Trx.TestLogger.dll
TpTrace Verbose: 0 : 4532, 1, 2023/02/20, 11:26:44.015, 15216964735143, vstest.console.dll, TestPluginCache.GetExtensionPaths: Added unfilterableExtensionPaths: 
TpTrace Verbose: 0 : 4532, 1, 2023/02/20, 11:26:44.015, 15216964738196, vstest.console.dll, TestPluginCache.DiscoverTestExtensions: Discovering the extensions using allExtensionPaths: C:\Program Files\dotnet\sdk\7.0.100\Extensions\Microsoft.Diagnostics.NETCore.Client.dll
C:\Program Files\dotnet\sdk\7.0.100\Extensions\Microsoft.TestPlatform.Extensions.BlameDataCollector.dll
C:\Program Files\dotnet\sdk\7.0.100\Extensions\Microsoft.TestPlatform.Extensions.EventLogCollector.dll
C:\Program Files\dotnet\sdk\7.0.100\Extensions\Microsoft.TestPlatform.TestHostRuntimeProvider.dll
C:\Program Files\dotnet\sdk\7.0.100\Extensions\Microsoft.VisualStudio.TestPlatform.Extensions.Html.TestLogger.dll
C:\Program Files\dotnet\sdk\7.0.100\Extensions\Microsoft.VisualStudio.TestPlatform.Extensions.Trx.TestLogger.dll
TpTrace Information: 0 : 4532, 1, 2023/02/20, 11:26:44.015, 15216964740362, vstest.console.dll, AssemblyResolver.AddSearchDirectories: Adding more searchDirectories C:\Program Files\dotnet\sdk\7.0.100\Extensions,C:\Program Files\dotnet\sdk\7.0.100
TpTrace Information: 0 : 4532, 1, 2023/02/20, 11:26:44.015, 15216964741229, vstest.console.dll, AssemblyResolver.AddSearchDirectories: Adding more searchDirectories C:\Program Files\dotnet\sdk\7.0.100\Extensions,C:\Program Files\dotnet\sdk\7.0.100
TpTrace Information: 0 : 4532, 1, 2023/02/20, 11:26:44.015, 15216964741903, vstest.console.dll, AssemblyResolver.AddSearchDirectories: Adding more searchDirectories C:\Program Files\dotnet\sdk\7.0.100\Extensions,C:\Program Files\dotnet\sdk\7.0.100
TpTrace Information: 0 : 4532, 1, 2023/02/20, 11:26:44.015, 15216964742565, vstest.console.dll, AssemblyResolver.AddSearchDirectories: Adding more searchDirectories C:\Program Files\dotnet\sdk\7.0.100\Extensions,C:\Program Files\dotnet\sdk\7.0.100
TpTrace Information: 0 : 4532, 1, 2023/02/20, 11:26:44.015, 15216964743186, vstest.console.dll, AssemblyResolver.AddSearchDirectories: Adding more searchDirectories C:\Program Files\dotnet\sdk\7.0.100\Extensions,C:\Program Files\dotnet\sdk\7.0.100
TpTrace Information: 0 : 4532, 1, 2023/02/20, 11:26:44.015, 15216964743745, vstest.console.dll, AssemblyResolver.AddSearchDirectories: Adding more searchDirectories C:\Program Files\dotnet\sdk\7.0.100\Extensions,C:\Program Files\dotnet\sdk\7.0.100
TpTrace Information: 0 : 4532, 1, 2023/02/20, 11:26:44.016, 15216964750797, vstest.console.dll, AssemblyResolver.OnResolve: Microsoft.Diagnostics.NETCore.Client: Resolving assembly.
TpTrace Information: 0 : 4532, 1, 2023/02/20, 11:26:44.016, 15216964752195, vstest.console.dll, AssemblyResolver.OnResolve: Microsoft.Diagnostics.NETCore.Client: Searching in: 'C:\Program Files\dotnet\sdk\7.0.100\Extensions'.
TpTrace Information: 0 : 4532, 1, 2023/02/20, 11:26:44.033, 15216964915204, vstest.console.dll, AssemblyResolver.OnResolve: Microsoft.Diagnostics.NETCore.Client: Loading assembly 'C:\Program Files\dotnet\sdk\7.0.100\Extensions\Microsoft.Diagnostics.NETCore.Client.dll'.
TpTrace Information: 0 : 4532, 1, 2023/02/20, 11:26:44.035, 15216964944068, vstest.console.dll, AssemblyResolver.OnResolve: Resolved assembly: Microsoft.Diagnostics.NETCore.Client, from path: C:\Program Files\dotnet\sdk\7.0.100\Extensions\Microsoft.Diagnostics.NETCore.Client.dll
TpTrace Verbose: 0 : 4532, 1, 2023/02/20, 11:26:44.038, 15216964971606, vstest.console.dll, MetadataReaderExtensionsHelper: Discovering extensions inside assembly 'Microsoft.Diagnostics.NETCore.Client, Version=0.2.6.42401, Culture=neutral, PublicKeyToken=31bf3856ad364e35' file path 'C:\Program Files\dotnet\sdk\7.0.100\Extensions\Microsoft.Diagnostics.NETCore.Client.dll'
TpTrace Information: 0 : 4532, 1, 2023/02/20, 11:26:44.050, 15216965094144, vstest.console.dll, AssemblyResolver.OnResolve: Microsoft.Bcl.AsyncInterfaces: Resolving assembly.
TpTrace Information: 0 : 4532, 1, 2023/02/20, 11:26:44.051, 15216965095502, vstest.console.dll, AssemblyResolver.OnResolve: Microsoft.Bcl.AsyncInterfaces: Searching in: 'C:\Program Files\dotnet\sdk\7.0.100\Extensions'.
TpTrace Information: 0 : 4532, 1, 2023/02/20, 11:26:44.051, 15216965096790, vstest.console.dll, AssemblyResolver.OnResolve: Microsoft.Bcl.AsyncInterfaces: Assembly path does not exist: 'C:\Program Files\dotnet\sdk\7.0.100\Extensions\Microsoft.Bcl.AsyncInterfaces.dll', returning.
TpTrace Information: 0 : 4532, 1, 2023/02/20, 11:26:44.051, 15216965098531, vstest.console.dll, AssemblyResolver.OnResolve: Microsoft.Bcl.AsyncInterfaces: Assembly path does not exist: 'C:\Program Files\dotnet\sdk\7.0.100\Extensions\Microsoft.Bcl.AsyncInterfaces.exe', returning.
TpTrace Information: 0 : 4532, 1, 2023/02/20, 11:26:44.051, 15216965099184, vstest.console.dll, AssemblyResolver.OnResolve: Microsoft.Bcl.AsyncInterfaces: Searching in: 'C:\Program Files\dotnet\sdk\7.0.100'.
TpTrace Information: 0 : 4532, 1, 2023/02/20, 11:26:44.051, 15216965100106, vstest.console.dll, AssemblyResolver.OnResolve: Microsoft.Bcl.AsyncInterfaces: Assembly path does not exist: 'C:\Program Files\dotnet\sdk\7.0.100\Microsoft.Bcl.AsyncInterfaces.dll', returning.
TpTrace Information: 0 : 4532, 1, 2023/02/20, 11:26:44.051, 15216965101433, vstest.console.dll, AssemblyResolver.OnResolve: Microsoft.Bcl.AsyncInterfaces: Assembly path does not exist: 'C:\Program Files\dotnet\sdk\7.0.100\Microsoft.Bcl.AsyncInterfaces.exe', returning.
TpTrace Information: 0 : 4532, 1, 2023/02/20, 11:26:44.051, 15216965102299, vstest.console.dll, AssemblyResolver.OnResolve: Microsoft.Bcl.AsyncInterfaces: Failed to load assembly.
TpTrace Verbose: 0 : 4532, 1, 2023/02/20, 11:26:44.051, 15216965103154, vstest.console.dll, CurrentDomainAssemblyResolve: Resolving assembly 'Microsoft.Bcl.AsyncInterfaces'.
TpTrace Information: 0 : 4532, 1, 2023/02/20, 11:26:44.051, 15216965104337, vstest.console.dll, AssemblyResolver.OnResolve: Microsoft.Bcl.AsyncInterfaces: Resolving assembly.
TpTrace Information: 0 : 4532, 1, 2023/02/20, 11:26:44.052, 15216965105171, vstest.console.dll, AssemblyResolver.OnResolve: Microsoft.Bcl.AsyncInterfaces: Resolved from cache.
TpTrace Verbose: 0 : 4532, 1, 2023/02/20, 11:26:44.052, 15216965105869, vstest.console.dll, CurrentDomainAssemblyResolve: Resolving assembly 'Microsoft.Bcl.AsyncInterfaces'.
TpTrace Verbose: 0 : 4532, 1, 2023/02/20, 11:26:44.052, 15216965106573, vstest.console.dll, CurrentDomainAssemblyResolve: Failed to resolve assembly 'Microsoft.Bcl.AsyncInterfaces'.
TpTrace Verbose: 0 : 4532, 1, 2023/02/20, 11:26:44.060, 15216965190801, vstest.console.dll, CurrentDomainAssemblyResolve: Failed to resolve assembly 'Microsoft.Bcl.AsyncInterfaces'.
TpTrace Warning: 0 : 4532, 1, 2023/02/20, 11:26:44.079, 15216965384382, vstest.console.dll, TestPluginDiscoverer: Failed to get types from assembly 'Microsoft.Diagnostics.NETCore.Client, Version=0.2.6.42401, Culture=neutral, PublicKeyToken=31bf3856ad364e35'. Error: System.Reflection.ReflectionTypeLoadException: Unable to load one or more of the requested types.
Could not load file or assembly 'Microsoft.Bcl.AsyncInterfaces, Version=1.0.0.0, Culture=neutral, PublicKeyToken=cc7b13ffcd2ddd51'. The system cannot find the file specified.
   at System.Reflection.RuntimeModule.GetTypes(RuntimeModule module)
   at System.Reflection.Assembly.GetTypes()
   at Microsoft.VisualStudio.TestPlatform.Common.ExtensionFramework.TestPluginDiscoverer.GetTestExtensionsFromAssembly[TPluginInfo,TExtension](Assembly assembly, Dictionary`2 pluginInfos, String filePath)
System.IO.FileNotFoundException: Could not load file or assembly 'Microsoft.Bcl.AsyncInterfaces, Version=1.0.0.0, Culture=neutral, PublicKeyToken=cc7b13ffcd2ddd51'. The system cannot find the file specified.
File name: 'Microsoft.Bcl.AsyncInterfaces, Version=1.0.0.0, Culture=neutral, PublicKeyToken=cc7b13ffcd2ddd51'
 ---> System.IO.FileNotFoundException: Could not load file or assembly 'Microsoft.Bcl.AsyncInterfaces, Culture=neutral, PublicKeyToken=null'. The system cannot find the file specified.
File name: 'Microsoft.Bcl.AsyncInterfaces, Culture=neutral, PublicKeyToken=null'
   at System.Reflection.RuntimeAssembly.InternalLoad(AssemblyName assemblyName, StackCrawlMark& stackMark, AssemblyLoadContext assemblyLoadContext, RuntimeAssembly requestingAssembly, Boolean throwOnFileNotFound)
   at System.Reflection.Assembly.Load(AssemblyName assemblyRef)
   at Microsoft.VisualStudio.TestPlatform.Common.ExtensionFramework.TestPluginCache.CurrentDomainAssemblyResolve(Object sender, AssemblyResolveEventArgs args)
   at System.Runtime.Loader.AssemblyLoadContext.GetFirstResolvedAssemblyFromResolvingEvent(AssemblyName assemblyName)
   at System.Runtime.Loader.AssemblyLoadContext.ResolveUsingEvent(AssemblyName assemblyName)
   at System.Runtime.Loader.AssemblyLoadContext.ResolveUsingResolvingEvent(IntPtr gchManagedAssemblyLoadContext, AssemblyName assemblyName)
TpTrace Warning: 0 : 4532, 1, 2023/02/20, 11:26:44.081, 15216965399599, vstest.console.dll, LoaderExceptions: System.IO.FileNotFoundException: Could not load file or assembly 'Microsoft.Bcl.AsyncInterfaces, Version=1.0.0.0, Culture=neutral, PublicKeyToken=cc7b13ffcd2ddd51'. The system cannot find the file specified.
File name: 'Microsoft.Bcl.AsyncInterfaces, Version=1.0.0.0, Culture=neutral, PublicKeyToken=cc7b13ffcd2ddd51'
 ---> System.IO.FileNotFoundException: Could not load file or assembly 'Microsoft.Bcl.AsyncInterfaces, Culture=neutral, PublicKeyToken=null'. The system cannot find the file specified.
File name: 'Microsoft.Bcl.AsyncInterfaces, Culture=neutral, PublicKeyToken=null'
   at System.Reflection.RuntimeAssembly.InternalLoad(AssemblyName assemblyName, StackCrawlMark& stackMark, AssemblyLoadContext assemblyLoadContext, RuntimeAssembly requestingAssembly, Boolean throwOnFileNotFound)
   at System.Reflection.Assembly.Load(AssemblyName assemblyRef)
   at Microsoft.VisualStudio.TestPlatform.Common.ExtensionFramework.TestPluginCache.CurrentDomainAssemblyResolve(Object sender, AssemblyResolveEventArgs args)
   at System.Runtime.Loader.AssemblyLoadContext.GetFirstResolvedAssemblyFromResolvingEvent(AssemblyName assemblyName)
   at System.Runtime.Loader.AssemblyLoadContext.ResolveUsingEvent(AssemblyName assemblyName)
   at System.Runtime.Loader.AssemblyLoadContext.ResolveUsingResolvingEvent(IntPtr gchManagedAssemblyLoadContext, AssemblyName assemblyName)
TpTrace Information: 0 : 4532, 1, 2023/02/20, 11:26:44.082, 15216965406962, vstest.console.dll, AssemblyResolver.OnResolve: Microsoft.TestPlatform.Extensions.BlameDataCollector: Resolving assembly.
TpTrace Information: 0 : 4532, 1, 2023/02/20, 11:26:44.082, 15216965408129, vstest.console.dll, AssemblyResolver.OnResolve: Microsoft.TestPlatform.Extensions.BlameDataCollector: Searching in: 'C:\Program Files\dotnet\sdk\7.0.100\Extensions'.
TpTrace Information: 0 : 4532, 1, 2023/02/20, 11:26:44.084, 15216965428283, vstest.console.dll, AssemblyResolver.OnResolve: Microsoft.TestPlatform.Extensions.BlameDataCollector: Loading assembly 'C:\Program Files\dotnet\sdk\7.0.100\Extensions\Microsoft.TestPlatform.Extensions.BlameDataCollector.dll'.
TpTrace Information: 0 : 4532, 1, 2023/02/20, 11:26:44.085, 15216965442492, vstest.console.dll, AssemblyResolver.OnResolve: Resolved assembly: Microsoft.TestPlatform.Extensions.BlameDataCollector, from path: C:\Program Files\dotnet\sdk\7.0.100\Extensions\Microsoft.TestPlatform.Extensions.BlameDataCollector.dll
TpTrace Verbose: 0 : 4532, 1, 2023/02/20, 11:26:44.085, 15216965444270, vstest.console.dll, MetadataReaderExtensionsHelper: Discovering extensions inside assembly 'Microsoft.TestPlatform.Extensions.BlameDataCollector, Version=15.0.0.0, Culture=neutral, PublicKeyToken=b03f5f7f11d50a3a' file path 'C:\Program Files\dotnet\sdk\7.0.100\Extensions\Microsoft.TestPlatform.Extensions.BlameDataCollector.dll'
TpTrace Information: 0 : 4532, 1, 2023/02/20, 11:26:44.089, 15216965483745, vstest.console.dll, AssemblyResolver.OnResolve: Microsoft.TestPlatform.Extensions.EventLogCollector: Resolving assembly.
TpTrace Information: 0 : 4532, 1, 2023/02/20, 11:26:44.090, 15216965485141, vstest.console.dll, AssemblyResolver.OnResolve: Microsoft.TestPlatform.Extensions.EventLogCollector: Searching in: 'C:\Program Files\dotnet\sdk\7.0.100\Extensions'.
TpTrace Information: 0 : 4532, 1, 2023/02/20, 11:26:44.091, 15216965497984, vstest.console.dll, AssemblyResolver.OnResolve: Microsoft.TestPlatform.Extensions.EventLogCollector: Loading assembly 'C:\Program Files\dotnet\sdk\7.0.100\Extensions\Microsoft.TestPlatform.Extensions.EventLogCollector.dll'.
TpTrace Information: 0 : 4532, 1, 2023/02/20, 11:26:44.092, 15216965507030, vstest.console.dll, AssemblyResolver.OnResolve: Resolved assembly: Microsoft.TestPlatform.Extensions.EventLogCollector, from path: C:\Program Files\dotnet\sdk\7.0.100\Extensions\Microsoft.TestPlatform.Extensions.EventLogCollector.dll
TpTrace Verbose: 0 : 4532, 1, 2023/02/20, 11:26:44.092, 15216965508540, vstest.console.dll, MetadataReaderExtensionsHelper: Discovering extensions inside assembly 'Microsoft.TestPlatform.Extensions.EventLogCollector, Version=15.0.0.0, Culture=neutral, PublicKeyToken=b03f5f7f11d50a3a' file path 'C:\Program Files\dotnet\sdk\7.0.100\Extensions\Microsoft.TestPlatform.Extensions.EventLogCollector.dll'
TpTrace Information: 0 : 4532, 1, 2023/02/20, 11:26:44.096, 15216965549618, vstest.console.dll, AssemblyResolver.OnResolve: Microsoft.TestPlatform.TestHostRuntimeProvider: Resolving assembly.
TpTrace Information: 0 : 4532, 1, 2023/02/20, 11:26:44.096, 15216965550853, vstest.console.dll, AssemblyResolver.OnResolve: Microsoft.TestPlatform.TestHostRuntimeProvider: Searching in: 'C:\Program Files\dotnet\sdk\7.0.100\Extensions'.
TpTrace Information: 0 : 4532, 1, 2023/02/20, 11:26:44.098, 15216965565056, vstest.console.dll, AssemblyResolver.OnResolve: Microsoft.TestPlatform.TestHostRuntimeProvider: Loading assembly 'C:\Program Files\dotnet\sdk\7.0.100\Extensions\Microsoft.TestPlatform.TestHostRuntimeProvider.dll'.
TpTrace Information: 0 : 4532, 1, 2023/02/20, 11:26:44.099, 15216965578200, vstest.console.dll, AssemblyResolver.OnResolve: Resolved assembly: Microsoft.TestPlatform.TestHostRuntimeProvider, from path: C:\Program Files\dotnet\sdk\7.0.100\Extensions\Microsoft.TestPlatform.TestHostRuntimeProvider.dll
TpTrace Verbose: 0 : 4532, 1, 2023/02/20, 11:26:44.099, 15216965579905, vstest.console.dll, MetadataReaderExtensionsHelper: Discovering extensions inside assembly 'Microsoft.TestPlatform.TestHostRuntimeProvider, Version=15.0.0.0, Culture=neutral, PublicKeyToken=b03f5f7f11d50a3a' file path 'C:\Program Files\dotnet\sdk\7.0.100\Extensions\Microsoft.TestPlatform.TestHostRuntimeProvider.dll'
TpTrace Information: 0 : 4532, 1, 2023/02/20, 11:26:44.103, 15216965619586, vstest.console.dll, GetTestExtensionFromType: Register extension with identifier data 'HostProvider://DefaultTestHost' and type 'Microsoft.VisualStudio.TestPlatform.CrossPlatEngine.Hosting.DefaultTestHostManager, Microsoft.TestPlatform.TestHostRuntimeProvider, Version=15.0.0.0, Culture=neutral, PublicKeyToken=b03f5f7f11d50a3a' inside file 'C:\Program Files\dotnet\sdk\7.0.100\Extensions\Microsoft.TestPlatform.TestHostRuntimeProvider.dll'
TpTrace Information: 0 : 4532, 1, 2023/02/20, 11:26:44.104, 15216965624582, vstest.console.dll, GetTestExtensionFromType: Register extension with identifier data 'HostProvider://DotnetTestHost' and type 'Microsoft.VisualStudio.TestPlatform.CrossPlatEngine.Hosting.DotnetTestHostManager, Microsoft.TestPlatform.TestHostRuntimeProvider, Version=15.0.0.0, Culture=neutral, PublicKeyToken=b03f5f7f11d50a3a' inside file 'C:\Program Files\dotnet\sdk\7.0.100\Extensions\Microsoft.TestPlatform.TestHostRuntimeProvider.dll'
TpTrace Information: 0 : 4532, 1, 2023/02/20, 11:26:44.104, 15216965626081, vstest.console.dll, AssemblyResolver.OnResolve: Microsoft.VisualStudio.TestPlatform.Extensions.Html.TestLogger: Resolving assembly.
TpTrace Information: 0 : 4532, 1, 2023/02/20, 11:26:44.104, 15216965626938, vstest.console.dll, AssemblyResolver.OnResolve: Microsoft.VisualStudio.TestPlatform.Extensions.Html.TestLogger: Searching in: 'C:\Program Files\dotnet\sdk\7.0.100\Extensions'.
TpTrace Information: 0 : 4532, 1, 2023/02/20, 11:26:44.105, 15216965640484, vstest.console.dll, AssemblyResolver.OnResolve: Microsoft.VisualStudio.TestPlatform.Extensions.Html.TestLogger: Loading assembly 'C:\Program Files\dotnet\sdk\7.0.100\Extensions\Microsoft.VisualStudio.TestPlatform.Extensions.Html.TestLogger.dll'.
TpTrace Information: 0 : 4532, 1, 2023/02/20, 11:26:44.106, 15216965651699, vstest.console.dll, AssemblyResolver.OnResolve: Resolved assembly: Microsoft.VisualStudio.TestPlatform.Extensions.Html.TestLogger, from path: C:\Program Files\dotnet\sdk\7.0.100\Extensions\Microsoft.VisualStudio.TestPlatform.Extensions.Html.TestLogger.dll
TpTrace Verbose: 0 : 4532, 1, 2023/02/20, 11:26:44.106, 15216965653288, vstest.console.dll, MetadataReaderExtensionsHelper: Discovering extensions inside assembly 'Microsoft.VisualStudio.TestPlatform.Extensions.Html.TestLogger, Version=15.0.0.0, Culture=neutral, PublicKeyToken=b03f5f7f11d50a3a' file path 'C:\Program Files\dotnet\sdk\7.0.100\Extensions\Microsoft.VisualStudio.TestPlatform.Extensions.Html.TestLogger.dll'
TpTrace Information: 0 : 4532, 1, 2023/02/20, 11:26:44.108, 15216965667382, vstest.console.dll, AssemblyResolver.OnResolve: Microsoft.VisualStudio.TestPlatform.Extensions.Trx.TestLogger: Resolving assembly.
TpTrace Information: 0 : 4532, 1, 2023/02/20, 11:26:44.108, 15216965668652, vstest.console.dll, AssemblyResolver.OnResolve: Microsoft.VisualStudio.TestPlatform.Extensions.Trx.TestLogger: Searching in: 'C:\Program Files\dotnet\sdk\7.0.100\Extensions'.
TpTrace Information: 0 : 4532, 1, 2023/02/20, 11:26:44.110, 15216965685638, vstest.console.dll, AssemblyResolver.OnResolve: Microsoft.VisualStudio.TestPlatform.Extensions.Trx.TestLogger: Loading assembly 'C:\Program Files\dotnet\sdk\7.0.100\Extensions\Microsoft.VisualStudio.TestPlatform.Extensions.Trx.TestLogger.dll'.
TpTrace Information: 0 : 4532, 1, 2023/02/20, 11:26:44.111, 15216965699127, vstest.console.dll, AssemblyResolver.OnResolve: Resolved assembly: Microsoft.VisualStudio.TestPlatform.Extensions.Trx.TestLogger, from path: C:\Program Files\dotnet\sdk\7.0.100\Extensions\Microsoft.VisualStudio.TestPlatform.Extensions.Trx.TestLogger.dll
TpTrace Verbose: 0 : 4532, 1, 2023/02/20, 11:26:44.111, 15216965700626, vstest.console.dll, MetadataReaderExtensionsHelper: Discovering extensions inside assembly 'Microsoft.VisualStudio.TestPlatform.Extensions.Trx.TestLogger, Version=15.0.0.0, Culture=neutral, PublicKeyToken=b03f5f7f11d50a3a' file path 'C:\Program Files\dotnet\sdk\7.0.100\Extensions\Microsoft.VisualStudio.TestPlatform.Extensions.Trx.TestLogger.dll'
TpTrace Verbose: 0 : 4532, 1, 2023/02/20, 11:26:44.114, 15216965726703, vstest.console.dll, TestPluginCache: Discovered the extensions using extension path ''.
TpTrace Verbose: 0 : 4532, 1, 2023/02/20, 11:26:44.114, 15216965728130, vstest.console.dll, TestPluginCache: Discoverers are ''.
TpTrace Verbose: 0 : 4532, 1, 2023/02/20, 11:26:44.114, 15216965728828, vstest.console.dll, TestPluginCache: Executors are ''.
TpTrace Verbose: 0 : 4532, 1, 2023/02/20, 11:26:44.114, 15216965729493, vstest.console.dll, TestPluginCache: Executors2 are ''.
TpTrace Verbose: 0 : 4532, 1, 2023/02/20, 11:26:44.114, 15216965730121, vstest.console.dll, TestPluginCache: Setting providers are ''.
TpTrace Verbose: 0 : 4532, 1, 2023/02/20, 11:26:44.114, 15216965730837, vstest.console.dll, TestPluginCache: Loggers are ''.
TpTrace Verbose: 0 : 4532, 1, 2023/02/20, 11:26:44.114, 15216965733239, vstest.console.dll, TestPluginCache: TestHosts are 'HostProvider://DefaultTestHost,HostProvider://DotnetTestHost'.
TpTrace Verbose: 0 : 4532, 1, 2023/02/20, 11:26:44.114, 15216965733943, vstest.console.dll, TestPluginCache: DataCollectors are ''.
TpTrace Information: 0 : 4532, 1, 2023/02/20, 11:26:44.145, 15216966035030, vstest.console.dll, RunTestsArgumentProcessor:Execute: Test run is starting.
TpTrace Verbose: 0 : 4532, 1, 2023/02/20, 11:26:44.145, 15216966037053, vstest.console.dll, RunTestsArgumentProcessor:Execute: Queuing Test run.
TpTrace Information: 0 : 4532, 1, 2023/02/20, 11:26:44.146, 15216966047764, vstest.console.dll, TestRequestManager.RunTests: run tests started.
TpTrace Information: 0 : 4532, 1, 2023/02/20, 11:26:44.148, 15216966068784, vstest.console.dll, AssemblyMetadataProvider.GetFrameworkName: Determined framework:'.NETCoreApp,Version=v3.1' for source: 'C:\Users\naido\Desktop\SoftUni\Svetlina\11th grade\C# OOP\04.Mini-Exam-Defining-Classes-Testing-Skeleton\ArrayListTests\bin\Debug\netcoreapp3.1\fine-code-coverage\build-output\ArrayListTests.dll'
TpTrace Information: 0 : 4532, 1, 2023/02/20, 11:26:44.148, 15216966072298, vstest.console.dll, Determined framework for all sources: .NETCoreApp,Version=v3.1
TpTrace Verbose: 0 : 4532, 1, 2023/02/20, 11:26:44.149, 15216966079424, vstest.console.dll, TestRequestManager.UpdateRunSettingsIfRequired: Default architecture: X64 IsDefaultTargetArchitecture: True, Current process architecture: X64 OperatingSystem: Windows.
TpTrace Information: 0 : 4532, 1, 2023/02/20, 11:26:44.153, 15216966116793, vstest.console.dll, AssemblyMetadataProvider.GetArchitecture: Determined architecture:AnyCPU info for assembly: C:\Users\naido\Desktop\SoftUni\Svetlina\11th grade\C# OOP\04.Mini-Exam-Defining-Classes-Testing-Skeleton\ArrayListTests\bin\Debug\netcoreapp3.1\fine-code-coverage\build-output\ArrayListTests.dll
TpTrace Information: 0 : 4532, 1, 2023/02/20, 11:26:44.153, 15216966118036, vstest.console.dll, Determined platform for source 'C:\Users\naido\Desktop\SoftUni\Svetlina\11th grade\C# OOP\04.Mini-Exam-Defining-Classes-Testing-Skeleton\ArrayListTests\bin\Debug\netcoreapp3.1\fine-code-coverage\build-output\ArrayListTests.dll' was AnyCPU and it will use the default plaform X64.
TpTrace Information: 0 : 4532, 1, 2023/02/20, 11:26:44.153, 15216966118740, vstest.console.dll, None of the sources provided any runnable platform, using the default platform: X64
TpTrace Information: 0 : 4532, 1, 2023/02/20, 11:26:44.153, 15216966120352, vstest.console.dll, Platform was updated to 'X64'.
TpTrace Information: 0 : 4532, 1, 2023/02/20, 11:26:44.162, 15216966209861, vstest.console.dll, InferRunSettingsHelper.IsTestSettingsEnabled: Unable to navigate to RunSettings/MSTest. Current node: RunSettings
TpTrace Information: 0 : 4532, 1, 2023/02/20, 11:26:44.163, 15216966220210, vstest.console.dll, AssemblyResolver.OnResolve: Microsoft.VisualStudio.TestPlatform.Fakes: Resolving assembly.
TpTrace Information: 0 : 4532, 1, 2023/02/20, 11:26:44.163, 15216966221425, vstest.console.dll, AssemblyResolver.OnResolve: Microsoft.VisualStudio.TestPlatform.Fakes: Searching in: 'C:\Program Files\dotnet\sdk\7.0.100\Extensions'.
TpTrace Information: 0 : 4532, 1, 2023/02/20, 11:26:44.163, 15216966222760, vstest.console.dll, AssemblyResolver.OnResolve: Microsoft.VisualStudio.TestPlatform.Fakes: Assembly path does not exist: 'C:\Program Files\dotnet\sdk\7.0.100\Extensions\Microsoft.VisualStudio.TestPlatform.Fakes.dll', returning.
TpTrace Information: 0 : 4532, 1, 2023/02/20, 11:26:44.163, 15216966223834, vstest.console.dll, AssemblyResolver.OnResolve: Microsoft.VisualStudio.TestPlatform.Fakes: Assembly path does not exist: 'C:\Program Files\dotnet\sdk\7.0.100\Extensions\Microsoft.VisualStudio.TestPlatform.Fakes.exe', returning.
TpTrace Information: 0 : 4532, 1, 2023/02/20, 11:26:44.164, 15216966224498, vstest.console.dll, AssemblyResolver.OnResolve: Microsoft.VisualStudio.TestPlatform.Fakes: Searching in: 'C:\Program Files\dotnet\sdk\7.0.100'.
TpTrace Information: 0 : 4532, 1, 2023/02/20, 11:26:44.164, 15216966225434, vstest.console.dll, AssemblyResolver.OnResolve: Microsoft.VisualStudio.TestPlatform.Fakes: Assembly path does not exist: 'C:\Program Files\dotnet\sdk\7.0.100\Microsoft.VisualStudio.TestPlatform.Fakes.dll', returning.
TpTrace Information: 0 : 4532, 1, 2023/02/20, 11:26:44.164, 15216966226454, vstest.console.dll, AssemblyResolver.OnResolve: Microsoft.VisualStudio.TestPlatform.Fakes: Assembly path does not exist: 'C:\Program Files\dotnet\sdk\7.0.100\Microsoft.VisualStudio.TestPlatform.Fakes.exe', returning.
TpTrace Information: 0 : 4532, 1, 2023/02/20, 11:26:44.164, 15216966227035, vstest.console.dll, AssemblyResolver.OnResolve: Microsoft.VisualStudio.TestPlatform.Fakes: Failed to load assembly.
TpTrace Information: 0 : 4532, 1, 2023/02/20, 11:26:44.164, 15216966230801, vstest.console.dll, Failed to load assembly Microsoft.VisualStudio.TestPlatform.Fakes, Version=17.0.0.0, Culture=neutral. Reason:System.IO.FileNotFoundException: Could not load file or assembly 'Microsoft.VisualStudio.TestPlatform.Fakes, Version=17.0.0.0, Culture=neutral, PublicKeyToken=null'. The system cannot find the file specified.
File name: 'Microsoft.VisualStudio.TestPlatform.Fakes, Version=17.0.0.0, Culture=neutral, PublicKeyToken=null'
   at System.Reflection.RuntimeAssembly.InternalLoad(AssemblyName assemblyName, StackCrawlMark& stackMark, AssemblyLoadContext assemblyLoadContext, RuntimeAssembly requestingAssembly, Boolean throwOnFileNotFound)
   at System.Reflection.Assembly.Load(AssemblyName assemblyRef)
   at Microsoft.VisualStudio.TestPlatform.Common.Utilities.FakesUtilities.LoadTestPlatformAssembly()
TpTrace Verbose: 0 : 4532, 1, 2023/02/20, 11:26:44.172, 15216966306951, vstest.console.dll, TestPluginCache.DiscoverTestExtensions: finding test extensions in assemblies ends with: TestLogger.dll TPluginInfo: Microsoft.VisualStudio.TestPlatform.Common.ExtensionFramework.Utilities.TestLoggerPluginInformation TExtension: Microsoft.VisualStudio.TestPlatform.ObjectModel.Client.ITestLogger
TpTrace Verbose: 0 : 4532, 1, 2023/02/20, 11:26:44.172, 15216966308502, vstest.console.dll, TestPluginCache.GetExtensionPaths: Filtered extension paths: 
TpTrace Verbose: 0 : 4532, 1, 2023/02/20, 11:26:44.172, 15216966309253, vstest.console.dll, TestPluginCache.GetExtensionPaths: Added default extension paths: C:\Program Files\dotnet\sdk\7.0.100\Extensions\Microsoft.Diagnostics.NETCore.Client.dll
C:\Program Files\dotnet\sdk\7.0.100\Extensions\Microsoft.TestPlatform.Extensions.BlameDataCollector.dll
C:\Program Files\dotnet\sdk\7.0.100\Extensions\Microsoft.TestPlatform.Extensions.EventLogCollector.dll
C:\Program Files\dotnet\sdk\7.0.100\Extensions\Microsoft.TestPlatform.TestHostRuntimeProvider.dll
C:\Program Files\dotnet\sdk\7.0.100\Extensions\Microsoft.VisualStudio.TestPlatform.Extensions.Html.TestLogger.dll
C:\Program Files\dotnet\sdk\7.0.100\Extensions\Microsoft.VisualStudio.TestPlatform.Extensions.Trx.TestLogger.dll
TpTrace Verbose: 0 : 4532, 1, 2023/02/20, 11:26:44.172, 15216966310015, vstest.console.dll, TestPluginCache.GetExtensionPaths: Added unfilterableExtensionPaths: 
TpTrace Information: 0 : 4532, 1, 2023/02/20, 11:26:44.172, 15216966311691, vstest.console.dll, AssemblyResolver.AddSearchDirectories: Adding more searchDirectories C:\Program Files\dotnet\sdk\7.0.100\Extensions,C:\Program Files\dotnet\sdk\7.0.100
TpTrace Verbose: 0 : 4532, 1, 2023/02/20, 11:26:44.172, 15216966312421, vstest.console.dll, TestPluginCache.DiscoverTestExtensions: Discovering the extensions using extension path.
TpTrace Verbose: 0 : 4532, 1, 2023/02/20, 11:26:44.172, 15216966313113, vstest.console.dll, TestPluginCache.GetExtensionPaths: Filtered extension paths: 
TpTrace Verbose: 0 : 4532, 1, 2023/02/20, 11:26:44.172, 15216966313668, vstest.console.dll, TestPluginCache.GetExtensionPaths: Added default extension paths: C:\Program Files\dotnet\sdk\7.0.100\Extensions\Microsoft.Diagnostics.NETCore.Client.dll
C:\Program Files\dotnet\sdk\7.0.100\Extensions\Microsoft.TestPlatform.Extensions.BlameDataCollector.dll
C:\Program Files\dotnet\sdk\7.0.100\Extensions\Microsoft.TestPlatform.Extensions.EventLogCollector.dll
C:\Program Files\dotnet\sdk\7.0.100\Extensions\Microsoft.TestPlatform.TestHostRuntimeProvider.dll
C:\Program Files\dotnet\sdk\7.0.100\Extensions\Microsoft.VisualStudio.TestPlatform.Extensions.Html.TestLogger.dll
C:\Program Files\dotnet\sdk\7.0.100\Extensions\Microsoft.VisualStudio.TestPlatform.Extensions.Trx.TestLogger.dll
TpTrace Verbose: 0 : 4532, 1, 2023/02/20, 11:26:44.172, 15216966314242, vstest.console.dll, TestPluginCache.GetExtensionPaths: Added unfilterableExtensionPaths: 
TpTrace Verbose: 0 : 4532, 1, 2023/02/20, 11:26:44.173, 15216966314936, vstest.console.dll, TestPluginCache.DiscoverTestExtensions: Discovering the extensions using allExtensionPaths: C:\Program Files\dotnet\sdk\7.0.100\Extensions\Microsoft.Diagnostics.NETCore.Client.dll
C:\Program Files\dotnet\sdk\7.0.100\Extensions\Microsoft.TestPlatform.Extensions.BlameDataCollector.dll
C:\Program Files\dotnet\sdk\7.0.100\Extensions\Microsoft.TestPlatform.Extensions.EventLogCollector.dll
C:\Program Files\dotnet\sdk\7.0.100\Extensions\Microsoft.TestPlatform.TestHostRuntimeProvider.dll
C:\Program Files\dotnet\sdk\7.0.100\Extensions\Microsoft.VisualStudio.TestPlatform.Extensions.Html.TestLogger.dll
C:\Program Files\dotnet\sdk\7.0.100\Extensions\Microsoft.VisualStudio.TestPlatform.Extensions.Trx.TestLogger.dll
TpTrace Information: 0 : 4532, 1, 2023/02/20, 11:26:44.173, 15216966316513, vstest.console.dll, AssemblyResolver.AddSearchDirectories: Adding more searchDirectories C:\Program Files\dotnet\sdk\7.0.100\Extensions,C:\Program Files\dotnet\sdk\7.0.100
TpTrace Information: 0 : 4532, 1, 2023/02/20, 11:26:44.173, 15216966317309, vstest.console.dll, AssemblyResolver.AddSearchDirectories: Adding more searchDirectories C:\Program Files\dotnet\sdk\7.0.100\Extensions,C:\Program Files\dotnet\sdk\7.0.100
TpTrace Information: 0 : 4532, 1, 2023/02/20, 11:26:44.173, 15216966318079, vstest.console.dll, AssemblyResolver.AddSearchDirectories: Adding more searchDirectories C:\Program Files\dotnet\sdk\7.0.100\Extensions,C:\Program Files\dotnet\sdk\7.0.100
TpTrace Information: 0 : 4532, 1, 2023/02/20, 11:26:44.173, 15216966318826, vstest.console.dll, AssemblyResolver.AddSearchDirectories: Adding more searchDirectories C:\Program Files\dotnet\sdk\7.0.100\Extensions,C:\Program Files\dotnet\sdk\7.0.100
TpTrace Information: 0 : 4532, 1, 2023/02/20, 11:26:44.173, 15216966319666, vstest.console.dll, AssemblyResolver.AddSearchDirectories: Adding more searchDirectories C:\Program Files\dotnet\sdk\7.0.100\Extensions,C:\Program Files\dotnet\sdk\7.0.100
TpTrace Information: 0 : 4532, 1, 2023/02/20, 11:26:44.173, 15216966320406, vstest.console.dll, AssemblyResolver.AddSearchDirectories: Adding more searchDirectories C:\Program Files\dotnet\sdk\7.0.100\Extensions,C:\Program Files\dotnet\sdk\7.0.100
TpTrace Verbose: 0 : 4532, 1, 2023/02/20, 11:26:44.173, 15216966322586, vstest.console.dll, MetadataReaderExtensionsHelper: Discovering extensions inside assembly 'Microsoft.Diagnostics.NETCore.Client, Version=0.2.6.42401, Culture=neutral, PublicKeyToken=31bf3856ad364e35' file path 'C:\Program Files\dotnet\sdk\7.0.100\Extensions\Microsoft.Diagnostics.NETCore.Client.dll'
TpTrace Information: 0 : 4532, 1, 2023/02/20, 11:26:44.174, 15216966334215, vstest.console.dll, AssemblyResolver.OnResolve: Microsoft.Bcl.AsyncInterfaces: Resolving assembly.
TpTrace Information: 0 : 4532, 1, 2023/02/20, 11:26:44.175, 15216966335350, vstest.console.dll, AssemblyResolver.OnResolve: Microsoft.Bcl.AsyncInterfaces: Resolved from cache.
TpTrace Verbose: 0 : 4532, 1, 2023/02/20, 11:26:44.175, 15216966335965, vstest.console.dll, CurrentDomainAssemblyResolve: Resolving assembly 'Microsoft.Bcl.AsyncInterfaces'.
TpTrace Information: 0 : 4532, 1, 2023/02/20, 11:26:44.175, 15216966336774, vstest.console.dll, AssemblyResolver.OnResolve: Microsoft.Bcl.AsyncInterfaces: Resolving assembly.
TpTrace Information: 0 : 4532, 1, 2023/02/20, 11:26:44.175, 15216966337329, vstest.console.dll, AssemblyResolver.OnResolve: Microsoft.Bcl.AsyncInterfaces: Resolved from cache.
TpTrace Verbose: 0 : 4532, 1, 2023/02/20, 11:26:44.175, 15216966337919, vstest.console.dll, CurrentDomainAssemblyResolve: Resolving assembly 'Microsoft.Bcl.AsyncInterfaces'.
TpTrace Verbose: 0 : 4532, 1, 2023/02/20, 11:26:44.175, 15216966338414, vstest.console.dll, CurrentDomainAssemblyResolve: Failed to resolve assembly 'Microsoft.Bcl.AsyncInterfaces'.
TpTrace Verbose: 0 : 4532, 1, 2023/02/20, 11:26:44.175, 15216966340598, vstest.console.dll, CurrentDomainAssemblyResolve: Failed to resolve assembly 'Microsoft.Bcl.AsyncInterfaces'.
TpTrace Warning: 0 : 4532, 1, 2023/02/20, 11:26:44.176, 15216966351454, vstest.console.dll, TestPluginDiscoverer: Failed to get types from assembly 'Microsoft.Diagnostics.NETCore.Client, Version=0.2.6.42401, Culture=neutral, PublicKeyToken=31bf3856ad364e35'. Error: System.Reflection.ReflectionTypeLoadException: Unable to load one or more of the requested types.
Could not load file or assembly 'Microsoft.Bcl.AsyncInterfaces, Version=1.0.0.0, Culture=neutral, PublicKeyToken=cc7b13ffcd2ddd51'. The system cannot find the file specified.
   at System.Reflection.RuntimeModule.GetTypes(RuntimeModule module)
   at System.Reflection.Assembly.GetTypes()
   at Microsoft.VisualStudio.TestPlatform.Common.ExtensionFramework.TestPluginDiscoverer.GetTestExtensionsFromAssembly[TPluginInfo,TExtension](Assembly assembly, Dictionary`2 pluginInfos, String filePath)
System.IO.FileNotFoundException: Could not load file or assembly 'Microsoft.Bcl.AsyncInterfaces, Version=1.0.0.0, Culture=neutral, PublicKeyToken=cc7b13ffcd2ddd51'. The system cannot find the file specified.
File name: 'Microsoft.Bcl.AsyncInterfaces, Version=1.0.0.0, Culture=neutral, PublicKeyToken=cc7b13ffcd2ddd51'
 ---> System.IO.FileNotFoundException: Could not load file or assembly 'Microsoft.Bcl.AsyncInterfaces, Culture=neutral, PublicKeyToken=null'. The system cannot find the file specified.
File name: 'Microsoft.Bcl.AsyncInterfaces, Culture=neutral, PublicKeyToken=null'
   at System.Reflection.RuntimeAssembly.InternalLoad(AssemblyName assemblyName, StackCrawlMark& stackMark, AssemblyLoadContext assemblyLoadContext, RuntimeAssembly requestingAssembly, Boolean throwOnFileNotFound)
   at System.Reflection.Assembly.Load(AssemblyName assemblyRef)
   at Microsoft.VisualStudio.TestPlatform.Common.ExtensionFramework.TestPluginCache.CurrentDomainAssemblyResolve(Object sender, AssemblyResolveEventArgs args)
   at System.Runtime.Loader.AssemblyLoadContext.GetFirstResolvedAssemblyFromResolvingEvent(AssemblyName assemblyName)
   at System.Runtime.Loader.AssemblyLoadContext.ResolveUsingEvent(AssemblyName assemblyName)
   at System.Runtime.Loader.AssemblyLoadContext.ResolveUsingResolvingEvent(IntPtr gchManagedAssemblyLoadContext, AssemblyName assemblyName)
TpTrace Warning: 0 : 4532, 1, 2023/02/20, 11:26:44.177, 15216966355328, vstest.console.dll, LoaderExceptions: System.IO.FileNotFoundException: Could not load file or assembly 'Microsoft.Bcl.AsyncInterfaces, Version=1.0.0.0, Culture=neutral, PublicKeyToken=cc7b13ffcd2ddd51'. The system cannot find the file specified.
File name: 'Microsoft.Bcl.AsyncInterfaces, Version=1.0.0.0, Culture=neutral, PublicKeyToken=cc7b13ffcd2ddd51'
 ---> System.IO.FileNotFoundException: Could not load file or assembly 'Microsoft.Bcl.AsyncInterfaces, Culture=neutral, PublicKeyToken=null'. The system cannot find the file specified.
File name: 'Microsoft.Bcl.AsyncInterfaces, Culture=neutral, PublicKeyToken=null'
   at System.Reflection.RuntimeAssembly.InternalLoad(AssemblyName assemblyName, StackCrawlMark& stackMark, AssemblyLoadContext assemblyLoadContext, RuntimeAssembly requestingAssembly, Boolean throwOnFileNotFound)
   at System.Reflection.Assembly.Load(AssemblyName assemblyRef)
   at Microsoft.VisualStudio.TestPlatform.Common.ExtensionFramework.TestPluginCache.CurrentDomainAssemblyResolve(Object sender, AssemblyResolveEventArgs args)
   at System.Runtime.Loader.AssemblyLoadContext.GetFirstResolvedAssemblyFromResolvingEvent(AssemblyName assemblyName)
   at System.Runtime.Loader.AssemblyLoadContext.ResolveUsingEvent(AssemblyName assemblyName)
   at System.Runtime.Loader.AssemblyLoadContext.ResolveUsingResolvingEvent(IntPtr gchManagedAssemblyLoadContext, AssemblyName assemblyName)
TpTrace Verbose: 0 : 4532, 1, 2023/02/20, 11:26:44.177, 15216966357237, vstest.console.dll, MetadataReaderExtensionsHelper: Discovering extensions inside assembly 'Microsoft.TestPlatform.Extensions.BlameDataCollector, Version=15.0.0.0, Culture=neutral, PublicKeyToken=b03f5f7f11d50a3a' file path 'C:\Program Files\dotnet\sdk\7.0.100\Extensions\Microsoft.TestPlatform.Extensions.BlameDataCollector.dll'
TpTrace Information: 0 : 4532, 1, 2023/02/20, 11:26:44.178, 15216966367418, vstest.console.dll, GetTestExtensionFromType: Register extension with identifier data 'logger://Microsoft/TestPlatform/Extensions/Blame/v1' and type 'Microsoft.TestPlatform.Extensions.BlameDataCollector.BlameLogger, Microsoft.TestPlatform.Extensions.BlameDataCollector, Version=15.0.0.0, Culture=neutral, PublicKeyToken=b03f5f7f11d50a3a' inside file 'C:\Program Files\dotnet\sdk\7.0.100\Extensions\Microsoft.TestPlatform.Extensions.BlameDataCollector.dll'
TpTrace Verbose: 0 : 4532, 1, 2023/02/20, 11:26:44.178, 15216966368864, vstest.console.dll, MetadataReaderExtensionsHelper: Discovering extensions inside assembly 'Microsoft.TestPlatform.Extensions.EventLogCollector, Version=15.0.0.0, Culture=neutral, PublicKeyToken=b03f5f7f11d50a3a' file path 'C:\Program Files\dotnet\sdk\7.0.100\Extensions\Microsoft.TestPlatform.Extensions.EventLogCollector.dll'
TpTrace Verbose: 0 : 4532, 1, 2023/02/20, 11:26:44.179, 15216966376386, vstest.console.dll, MetadataReaderExtensionsHelper: Discovering extensions inside assembly 'Microsoft.TestPlatform.TestHostRuntimeProvider, Version=15.0.0.0, Culture=neutral, PublicKeyToken=b03f5f7f11d50a3a' file path 'C:\Program Files\dotnet\sdk\7.0.100\Extensions\Microsoft.TestPlatform.TestHostRuntimeProvider.dll'
TpTrace Verbose: 0 : 4532, 1, 2023/02/20, 11:26:44.179, 15216966383599, vstest.console.dll, MetadataReaderExtensionsHelper: Discovering extensions inside assembly 'Microsoft.VisualStudio.TestPlatform.Extensions.Html.TestLogger, Version=15.0.0.0, Culture=neutral, PublicKeyToken=b03f5f7f11d50a3a' file path 'C:\Program Files\dotnet\sdk\7.0.100\Extensions\Microsoft.VisualStudio.TestPlatform.Extensions.Html.TestLogger.dll'
TpTrace Information: 0 : 4532, 1, 2023/02/20, 11:26:44.180, 15216966394225, vstest.console.dll, GetTestExtensionFromType: Register extension with identifier data 'logger://Microsoft/TestPlatform/HtmlLogger/v1' and type 'Microsoft.VisualStudio.TestPlatform.Extensions.HtmlLogger.HtmlLogger, Microsoft.VisualStudio.TestPlatform.Extensions.Html.TestLogger, Version=15.0.0.0, Culture=neutral, PublicKeyToken=b03f5f7f11d50a3a' inside file 'C:\Program Files\dotnet\sdk\7.0.100\Extensions\Microsoft.VisualStudio.TestPlatform.Extensions.Html.TestLogger.dll'
TpTrace Verbose: 0 : 4532, 1, 2023/02/20, 11:26:44.181, 15216966395653, vstest.console.dll, MetadataReaderExtensionsHelper: Discovering extensions inside assembly 'Microsoft.VisualStudio.TestPlatform.Extensions.Trx.TestLogger, Version=15.0.0.0, Culture=neutral, PublicKeyToken=b03f5f7f11d50a3a' file path 'C:\Program Files\dotnet\sdk\7.0.100\Extensions\Microsoft.VisualStudio.TestPlatform.Extensions.Trx.TestLogger.dll'
TpTrace Information: 0 : 4532, 1, 2023/02/20, 11:26:44.182, 15216966405006, vstest.console.dll, GetTestExtensionFromType: Register extension with identifier data 'logger://Microsoft/TestPlatform/TrxLogger/v1' and type 'Microsoft.VisualStudio.TestPlatform.Extensions.TrxLogger.TrxLogger, Microsoft.VisualStudio.TestPlatform.Extensions.Trx.TestLogger, Version=15.0.0.0, Culture=neutral, PublicKeyToken=b03f5f7f11d50a3a' inside file 'C:\Program Files\dotnet\sdk\7.0.100\Extensions\Microsoft.VisualStudio.TestPlatform.Extensions.Trx.TestLogger.dll'
TpTrace Verbose: 0 : 4532, 1, 2023/02/20, 11:26:44.182, 15216966406918, vstest.console.dll, TestPluginCache: Discovered the extensions using extension path ''.
TpTrace Verbose: 0 : 4532, 1, 2023/02/20, 11:26:44.182, 15216966407814, vstest.console.dll, TestPluginCache: Discoverers are ''.
TpTrace Verbose: 0 : 4532, 1, 2023/02/20, 11:26:44.182, 15216966408560, vstest.console.dll, TestPluginCache: Executors are ''.
TpTrace Verbose: 0 : 4532, 1, 2023/02/20, 11:26:44.182, 15216966409582, vstest.console.dll, TestPluginCache: Executors2 are ''.
TpTrace Verbose: 0 : 4532, 1, 2023/02/20, 11:26:44.182, 15216966410143, vstest.console.dll, TestPluginCache: Setting providers are ''.
TpTrace Verbose: 0 : 4532, 1, 2023/02/20, 11:26:44.182, 15216966411362, vstest.console.dll, TestPluginCache: Loggers are 'logger://Microsoft/TestPlatform/Extensions/Blame/v1,logger://Microsoft/TestPlatform/HtmlLogger/v1,logger://Microsoft/TestPlatform/TrxLogger/v1'.
TpTrace Verbose: 0 : 4532, 1, 2023/02/20, 11:26:44.182, 15216966412430, vstest.console.dll, TestPluginCache: TestHosts are 'HostProvider://DefaultTestHost,HostProvider://DotnetTestHost'.
TpTrace Verbose: 0 : 4532, 1, 2023/02/20, 11:26:44.182, 15216966413212, vstest.console.dll, TestPluginCache: DataCollectors are ''.
TpTrace Information: 0 : 4532, 1, 2023/02/20, 11:26:44.184, 15216966430000, vstest.console.dll, TestPluginManager.CreateTestExtension: Attempting to load test extension: Microsoft.TestPlatform.Extensions.BlameDataCollector.BlameLogger
TpTrace Verbose: 0 : 4532, 1, 2023/02/20, 11:26:44.201, 15216966598960, vstest.console.dll, TestEngine: Initializing Parallel Execution as MaxCpuCount is set to: 1
TpTrace Information: 0 : 4532, 1, 2023/02/20, 11:26:44.209, 15216966684356, vstest.console.dll, TestPluginManager.CreateTestExtension: Attempting to load test extension: Microsoft.VisualStudio.TestPlatform.CrossPlatEngine.Hosting.DefaultTestHostManager
TpTrace Information: 0 : 4532, 1, 2023/02/20, 11:26:44.211, 15216966695962, vstest.console.dll, TestPluginManager.CreateTestExtension: Attempting to load test extension: Microsoft.VisualStudio.TestPlatform.CrossPlatEngine.Hosting.DotnetTestHostManager
TpTrace Information: 0 : 4532, 1, 2023/02/20, 11:26:44.212, 15216966709673, vstest.console.dll, InferRunSettingsHelper.IsTestSettingsEnabled: Unable to navigate to RunSettings/MSTest. Current node: RunSettings
TpTrace Verbose: 0 : 4532, 1, 2023/02/20, 11:26:44.225, 15216966838840, vstest.console.dll, TestEngine.GetExecutionManager: Chosen execution manager 'Microsoft.VisualStudio.TestPlatform.CrossPlatEngine.Client.Parallel.ParallelProxyExecutionManager, Microsoft.TestPlatform.CrossPlatEngine, Version=15.0.0.0, Culture=neutral, PublicKeyToken=b03f5f7f11d50a3a' ParallelLevel '1'.
TpTrace Verbose: 0 : 4532, 1, 2023/02/20, 11:26:44.225, 15216966841534, vstest.console.dll, TestRunRequest.ExecuteAsync: Creating test run request.
TpTrace Verbose: 0 : 4532, 1, 2023/02/20, 11:26:44.226, 15216966845784, vstest.console.dll, TestRunRequest.ExecuteAsync: Starting.
TpTrace Information: 0 : 4532, 1, 2023/02/20, 11:26:44.226, 15216966853365, vstest.console.dll, TestRunRequest.ExecuteAsync: Starting run with settings:TestRunCriteria:
   KeepAlive=False,FrequencyOfRunStatsChangeEvent=10,RunStatsChangeEventTimeout=00:00:01.5000000,TestCaseFilter=,TestExecutorLauncher=
   Settingsxml=<RunSettings>
  <RunConfiguration>
    <ResultsDirectory>C:\Users\naido\Desktop\SoftUni\Svetlina\11th grade\C# OOP\04.Mini-Exam-Defining-Classes-Testing-Skeleton\ArrayListTests\bin\Debug\netcoreapp3.1\fine-code-coverage\coverage-tool-output</ResultsDirectory>
    <TargetPlatform>X64</TargetPlatform>
    <TargetFrameworkVersion>.NETCoreApp,Version=v3.1</TargetFrameworkVersion>
    <DesignMode>False</DesignMode>
    <CollectSourceInformation>False</CollectSourceInformation>
  </RunConfiguration>
  <LoggerRunSettings>
    <Loggers>
      <Logger friendlyName="blame" enabled="True" />
      <Logger friendlyName="Console" uri="logger://microsoft/TestPlatform/ConsoleLogger/v1" assemblyQualifiedName="Microsoft.VisualStudio.TestPlatform.CommandLine.Internal.ConsoleLogger, vstest.console, Version=15.0.0.0, Culture=neutral, PublicKeyToken=b03f5f7f11d50a3a" codeBase="C:\Program Files\dotnet\sdk\7.0.100\vstest.console.dll" enabled="True" />
    </Loggers>
  </LoggerRunSettings>
  <DataCollectionRunSettings>
    <DataCollectors>
      <DataCollector friendlyName="blame" enabled="True">
        <Configuration>
          <ResultsDirectory>C:\Users\naido\Desktop\SoftUni\Svetlina\11th grade\C# OOP\04.Mini-Exam-Defining-Classes-Testing-Skeleton\ArrayListTests\bin\Debug\netcoreapp3.1\fine-code-coverage\coverage-tool-output</ResultsDirectory>
        </Configuration>
      </DataCollector>
    </DataCollectors>
  </DataCollectionRunSettings>
</RunSettings>

TpTrace Verbose: 0 : 4532, 1, 2023/02/20, 11:26:44.227, 15216966854953, vstest.console.dll, TestRunRequest.ExecuteAsync: Wait for the first run request is over.
TpTrace Verbose: 0 : 4532, 1, 2023/02/20, 11:26:44.227, 15216966859115, vstest.console.dll, MulticastDelegateUtilities.SafeInvoke: TestRun.TestRunStart: Invoking callbacks was skipped because there are no subscribers.
TpTrace Verbose: 0 : 4532, 4, 2023/02/20, 11:26:44.227, 15216966861714, vstest.console.dll, MulticastDelegateUtilities.SafeInvoke: InternalTestLoggerEvents.SendTestRunStart: Invoking callback 1/1 for Microsoft.VisualStudio.TestPlatform.CommandLine.Internal.ConsoleLogger., took 0 ms.
TpTrace Verbose: 0 : 4532, 1, 2023/02/20, 11:26:44.229, 15216966880588, vstest.console.dll, ParallelProxyExecutionManager: Start execution. Total sources: 1
TpTrace Verbose: 0 : 4532, 1, 2023/02/20, 11:26:44.232, 15216966913577, vstest.console.dll, TestRequestSender is acting as server.
TpTrace Verbose: 0 : 4532, 1, 2023/02/20, 11:26:44.235, 15216966940220, vstest.console.dll, DataCollectionRequestSender.InitializeCommunication : Initialize communication. 
TpTrace Information: 0 : 4532, 1, 2023/02/20, 11:26:44.242, 15216967005744, vstest.console.dll, Listening on Endpoint : 127.0.0.1:59616
TpTrace Verbose: 0 : 4532, 1, 2023/02/20, 11:26:44.252, 15216967110494, vstest.console.dll, DotnetDataCollectionLauncher: Adding  --runtimeconfig "C:\Program Files\dotnet\sdk\7.0.100\datacollector.runtimeconfig.json" in args
TpTrace Verbose: 0 : 4532, 1, 2023/02/20, 11:26:44.252, 15216967114286, vstest.console.dll, DotnetDataCollectionLauncher: Adding  --depsfile "C:\Program Files\dotnet\sdk\7.0.100\datacollector.deps.json" in args
TpTrace Verbose: 0 : 4532, 1, 2023/02/20, 11:26:44.253, 15216967118815, vstest.console.dll, DotnetDataCollectionLauncher: Full path of dotnet.exe is C:\Program Files\dotnet\dotnet.exe
TpTrace Information: 0 : 4532, 1, 2023/02/20, 11:26:44.278, 15216967369042, vstest.console.dll, ProxyDataCollectionManager.Initialize: Launched datacollector processId: 21752 port: 59616
TpTrace Information: 0 : 4532, 1, 2023/02/20, 11:26:44.278, 15216967371962, vstest.console.dll, ProxyDataCollectionManager.Initialize: waiting for connection with timeout: 90 seconds
TpTrace Verbose: 0 : 4532, 1, 2023/02/20, 11:26:44.279, 15216967376851, vstest.console.dll, DataCollectionRequestSender.WaitForRequestHandlerConnection : Waiting for connection with timeout: 90000
TpTrace Verbose: 0 : 4532, 1, 2023/02/20, 11:26:44.555, 15216970142550, vstest.console.dll, SocketCommunicationManager.WaitForClientConnection took: 276 ms, with 90000 ms timeout, and finished with True.
TpTrace Information: 0 : 4532, 10, 2023/02/20, 11:26:44.555, 15216970143993, vstest.console.dll, Using the buffer size of 16384 bytes
TpTrace Verbose: 0 : 4532, 1, 2023/02/20, 11:26:44.556, 15216970144695, vstest.console.dll, ProxyDataCollectionManager.InvokeDataCollectionServiceAction: Starting.
TpTrace Information: 0 : 4532, 10, 2023/02/20, 11:26:44.556, 15216970146071, vstest.console.dll, Accepted Client request and set the flag
TpTrace Information: 0 : 4532, 1, 2023/02/20, 11:26:44.556, 15216970146426, vstest.console.dll, ProxyDataCollectionManager.BeforeTestRunStart: Get environment variable and port for datacollector processId: 21752 port: 59616
TpTrace Verbose: 0 : 4532, 1, 2023/02/20, 11:26:44.556, 15216970148292, vstest.console.dll, DataCollectionRequestSender.SendBeforeTestRunStartAndGetResult: Send BeforeTestRunStart message with settingsXml <RunSettings><RunConfiguration><ResultsDirectory>C:\Users\naido\Desktop\SoftUni\Svetlina\11th grade\C# OOP\04.Mini-Exam-Defining-Classes-Testing-Skeleton\ArrayListTests\bin\Debug\netcoreapp3.1\fine-code-coverage\coverage-tool-output</ResultsDirectory><TargetPlatform>X64</TargetPlatform><TargetFrameworkVersion>.NETCoreApp,Version=v3.1</TargetFrameworkVersion><DesignMode>False</DesignMode><CollectSourceInformation>False</CollectSourceInformation><TestAdaptersPaths>C:\Program Files\dotnet\sdk\7.0.100\Extensions</TestAdaptersPaths></RunConfiguration><LoggerRunSettings><Loggers><Logger friendlyName="blame" enabled="True" /><Logger friendlyName="Console" uri="logger://microsoft/TestPlatform/ConsoleLogger/v1" assemblyQualifiedName="Microsoft.VisualStudio.TestPlatform.CommandLine.Internal.ConsoleLogger, vstest.console, Version=15.0.0.0, Culture=neutral, PublicKeyToken=b03f5f7f11d50a3a" codeBase="C:\Program Files\dotnet\sdk\7.0.100\vstest.console.dll" enabled="True" /></Loggers></LoggerRunSettings><DataCollectionRunSettings><DataCollectors><DataCollector friendlyName="blame" enabled="True"><Configuration><ResultsDirectory>C:\Users\naido\Desktop\SoftUni\Svetlina\11th grade\C# OOP\04.Mini-Exam-Defining-Classes-Testing-Skeleton\ArrayListTests\bin\Debug\netcoreapp3.1\fine-code-coverage\coverage-tool-output</ResultsDirectory></Configuration></DataCollector></DataCollectors></DataCollectionRunSettings></RunSettings> and sources System.Collections.Generic.List`1[System.String]: 
TpTrace Verbose: 0 : 4532, 1, 2023/02/20, 11:26:44.737, 15216971956336, vstest.console.dll, DataCollectionRequestSender.SendBeforeTestRunStartAndGetResult: Received message: (DataCollection.SendMessage) -> {"MessageType":"DataCollection.SendMessage","Payload":{"FriendlyName":null,"Uri":null,"TestCaseId":"00000000-0000-0000-0000-000000000000","Message":"Logging DataCollector Diagnostics in file: C:\\Users\\naido\\Desktop\\SoftUni\\Svetlina\\11th grade\\C# OOP\\04.Mini-Exam-Defining-Classes-Testing-Skeleton\\ArrayListTests\\bin\\Debug\\netcoreapp3.1\\fine-code-coverage\\coverage-tool-output\\diagnostics.datacollector.23-02-20_11-26-44_25205_1.log","Level":0}}
TpTrace Verbose: 0 : 4532, 1, 2023/02/20, 11:26:44.887, 15216973462998, vstest.console.dll, DataCollectionRequestSender.SendBeforeTestRunStartAndGetResult: Received message: (DataCollection.BeforeTestRunStartResult) -> {"MessageType":"DataCollection.BeforeTestRunStartResult","Payload":{"EnvironmentVariables":{},"DataCollectionEventsPort":59618}}
TpTrace Information: 0 : 4532, 1, 2023/02/20, 11:26:44.893, 15216973523726, vstest.console.dll, ProxyDataCollectionManager.BeforeTestRunStart: SendBeforeTestRunStartAndGetResult successful, env variable from datacollector:   and testhost port: 59618
TpTrace Information: 0 : 4532, 1, 2023/02/20, 11:26:44.894, 15216973524929, vstest.console.dll, ProxyDataCollectionManager.InvokeDataCollectionServiceAction: Completed.
TpTrace Verbose: 0 : 4532, 10, 2023/02/20, 11:26:44.894, 15216973526222, vstest.console.dll, ParallelProxyExecutionManager: Execution started. Started clients: 1
TpTrace Verbose: 0 : 4532, 1, 2023/02/20, 11:26:44.894, 15216973526826, vstest.console.dll, ProxyParallelExecutionManager: No sources available for execution.
TpTrace Information: 0 : 4532, 1, 2023/02/20, 11:26:44.894, 15216973527786, vstest.console.dll, TestRunRequest.ExecuteAsync: Started.
TpTrace Verbose: 0 : 4532, 1, 2023/02/20, 11:26:44.894, 15216973528932, vstest.console.dll, TestRunRequest.WaitForCompletion: Waiting with timeout -1.
TpTrace Verbose: 0 : 4532, 10, 2023/02/20, 11:26:44.894, 15216973530233, vstest.console.dll, TestRunRequest:SendTestRunMessage: Starting.
TpTrace Verbose: 0 : 4532, 10, 2023/02/20, 11:26:44.894, 15216973532030, vstest.console.dll, MulticastDelegateUtilities.SafeInvoke: TestRun.LogMessages: Invoking callback 1/1 for Microsoft.VisualStudio.TestPlatform.CommandLine.TestRunResultAggregator., took 0 ms.
TpTrace Verbose: 0 : 4532, 4, 2023/02/20, 11:26:44.894, 15216973532009, vstest.console.dll, MulticastDelegateUtilities.SafeInvoke: InternalTestLoggerEvents.SendTestRunMessage: Invoking callback 1/1 for Microsoft.VisualStudio.TestPlatform.CommandLine.Internal.ConsoleLogger., took 0 ms.
TpTrace Information: 0 : 4532, 10, 2023/02/20, 11:26:44.894, 15216973532846, vstest.console.dll, TestRunRequest:SendTestRunMessage: Completed.
TpTrace Verbose: 0 : 4532, 10, 2023/02/20, 11:26:44.895, 15216973535348, vstest.console.dll, ProxyExecutionManager: Test host is always Lazy initialize.
TpTrace Verbose: 0 : 4532, 10, 2023/02/20, 11:26:44.895, 15216973538201, vstest.console.dll, TestRequestSender.InitializeCommunication: initialize communication. 
TpTrace Information: 0 : 4532, 10, 2023/02/20, 11:26:44.896, 15216973546222, vstest.console.dll, SocketServer.Start: Listening on endpoint : 127.0.0.1:59619
TpTrace Verbose: 0 : 4532, 10, 2023/02/20, 11:26:44.897, 15216973562977, vstest.console.dll, DotnetTestHostmanager.GetTestHostProcessStartInfo: Platform environment 'X64' target architecture 'X64' framework '.NETCoreApp,Version=v3.1' OS 'Windows'
TpTrace Verbose: 0 : 4532, 10, 2023/02/20, 11:26:44.898, 15216973567694, vstest.console.dll, DotnetTestHostmanager: Adding  --runtimeconfig "C:\Users\naido\Desktop\SoftUni\Svetlina\11th grade\C# OOP\04.Mini-Exam-Defining-Classes-Testing-Skeleton\ArrayListTests\bin\Debug\netcoreapp3.1\fine-code-coverage\build-output\ArrayListTests.runtimeconfig.json" in args
TpTrace Verbose: 0 : 4532, 10, 2023/02/20, 11:26:44.898, 15216973569929, vstest.console.dll, DotnetTestHostmanager: Adding  --depsfile "C:\Users\naido\Desktop\SoftUni\Svetlina\11th grade\C# OOP\04.Mini-Exam-Defining-Classes-Testing-Skeleton\ArrayListTests\bin\Debug\netcoreapp3.1\fine-code-coverage\build-output\ArrayListTests.deps.json" in args
TpTrace Verbose: 0 : 4532, 10, 2023/02/20, 11:26:44.898, 15216973573417, vstest.console.dll, DotnetTestHostmanager.IsWinOnArm: Current PROCESSOR_ARCHITECTURE from environment variable 'AMD64'
TpTrace Verbose: 0 : 4532, 10, 2023/02/20, 11:26:44.899, 15216973574999, vstest.console.dll, DotnetTestHostmanager.IsWinOnArm: Is Windows on ARM 'False'
TpTrace Information: 0 : 4532, 10, 2023/02/20, 11:26:44.899, 15216973577408, vstest.console.dll, AssemblyResolver.OnResolve: Microsoft.Extensions.DependencyModel: Resolving assembly.
TpTrace Information: 0 : 4532, 10, 2023/02/20, 11:26:44.899, 15216973578378, vstest.console.dll, AssemblyResolver.OnResolve: Microsoft.Extensions.DependencyModel: Searching in: 'C:\Program Files\dotnet\sdk\7.0.100\Extensions'.
TpTrace Information: 0 : 4532, 10, 2023/02/20, 11:26:44.899, 15216973580205, vstest.console.dll, AssemblyResolver.OnResolve: Microsoft.Extensions.DependencyModel: Assembly path does not exist: 'C:\Program Files\dotnet\sdk\7.0.100\Extensions\Microsoft.Extensions.DependencyModel.dll', returning.
TpTrace Information: 0 : 4532, 10, 2023/02/20, 11:26:44.899, 15216973581663, vstest.console.dll, AssemblyResolver.OnResolve: Microsoft.Extensions.DependencyModel: Assembly path does not exist: 'C:\Program Files\dotnet\sdk\7.0.100\Extensions\Microsoft.Extensions.DependencyModel.exe', returning.
TpTrace Information: 0 : 4532, 10, 2023/02/20, 11:26:44.899, 15216973582512, vstest.console.dll, AssemblyResolver.OnResolve: Microsoft.Extensions.DependencyModel: Searching in: 'C:\Program Files\dotnet\sdk\7.0.100'.
TpTrace Information: 0 : 4532, 10, 2023/02/20, 11:26:44.901, 15216973602249, vstest.console.dll, AssemblyResolver.OnResolve: Microsoft.Extensions.DependencyModel: Loading assembly 'C:\Program Files\dotnet\sdk\7.0.100\Microsoft.Extensions.DependencyModel.dll'.
TpTrace Information: 0 : 4532, 10, 2023/02/20, 11:26:44.903, 15216973618452, vstest.console.dll, AssemblyResolver.OnResolve: Resolved assembly: Microsoft.Extensions.DependencyModel, from path: C:\Program Files\dotnet\sdk\7.0.100\Microsoft.Extensions.DependencyModel.dll
TpTrace Verbose: 0 : 4532, 10, 2023/02/20, 11:26:44.903, 15216973623915, vstest.console.dll, DotnetTestHostmanager: Reading file C:\Users\naido\Desktop\SoftUni\Svetlina\11th grade\C# OOP\04.Mini-Exam-Defining-Classes-Testing-Skeleton\ArrayListTests\bin\Debug\netcoreapp3.1\fine-code-coverage\build-output\ArrayListTests.deps.json to get path of testhost.dll
TpTrace Verbose: 0 : 4532, 10, 2023/02/20, 11:26:44.936, 15216973946044, vstest.console.dll, DotnetTestHostmanager: Relative path of testhost.dll with respect to package folder is microsoft.testplatform.testhost/16.5.0\lib/netcoreapp2.1/testhost.dll
TpTrace Verbose: 0 : 4532, 10, 2023/02/20, 11:26:44.938, 15216973969138, vstest.console.dll, DotnetTestHostmanager: Looking for path microsoft.testplatform.testhost/16.5.0\lib/netcoreapp2.1/testhost.dll in folder C:\Users\naido\.dotnet\store\|arch|\|tfm|
TpTrace Verbose: 0 : 4532, 10, 2023/02/20, 11:26:44.938, 15216973971049, vstest.console.dll, DotnetTestHostmanager: Looking for path microsoft.testplatform.testhost/16.5.0\lib/netcoreapp2.1/testhost.dll in folder C:\Users\naido\.nuget\packages
TpTrace Verbose: 0 : 4532, 10, 2023/02/20, 11:26:44.938, 15216973972463, vstest.console.dll, DotnetTestHostmanager: Found testhost.dll in C:\Users\naido\.nuget\packages\microsoft.testplatform.testhost/16.5.0\lib/netcoreapp2.1/testhost.dll
TpTrace Verbose: 0 : 4532, 10, 2023/02/20, 11:26:44.939, 15216973978022, vstest.console.dll, DotnetTestHostmanager: Current process architetcure 'X64'
TpTrace Verbose: 0 : 4532, 10, 2023/02/20, 11:26:44.939, 15216973983401, vstest.console.dll, DotnetTestHostmanager.LaunchTestHostAsync: Compatible muxer architecture of running process 'X64' and target architecture 'X64'
TpTrace Verbose: 0 : 4532, 10, 2023/02/20, 11:26:44.939, 15216973984322, vstest.console.dll, DotnetTestHostmanager: Full path of testhost.dll is C:\Users\naido\.nuget\packages\microsoft.testplatform.testhost/16.5.0\lib/netcoreapp2.1/testhost.dll
TpTrace Verbose: 0 : 4532, 10, 2023/02/20, 11:26:44.940, 15216973985007, vstest.console.dll, DotnetTestHostmanager: Full path of host exe is C:\Program Files\dotnet\dotnet.exe
TpTrace Verbose: 0 : 4532, 10, 2023/02/20, 11:26:44.940, 15216973988275, vstest.console.dll, DotnetTestHostManager: Starting process 'C:\Program Files\dotnet\dotnet.exe' with command line 'exec --runtimeconfig "C:\Users\naido\Desktop\SoftUni\Svetlina\11th grade\C# OOP\04.Mini-Exam-Defining-Classes-Testing-Skeleton\ArrayListTests\bin\Debug\netcoreapp3.1\fine-code-coverage\build-output\ArrayListTests.runtimeconfig.json" --depsfile "C:\Users\naido\Desktop\SoftUni\Svetlina\11th grade\C# OOP\04.Mini-Exam-Defining-Classes-Testing-Skeleton\ArrayListTests\bin\Debug\netcoreapp3.1\fine-code-coverage\build-output\ArrayListTests.deps.json" "C:\Users\naido\.nuget\packages\microsoft.testplatform.testhost/16.5.0\lib/netcoreapp2.1/testhost.dll" --port 59619 --endpoint 127.0.0.1:059619 --role client --parentprocessid 4532 --diag "C:\Users\naido\Desktop\SoftUni\Svetlina\11th grade\C# OOP\04.Mini-Exam-Defining-Classes-Testing-Skeleton\ArrayListTests\bin\Debug\netcoreapp3.1\fine-code-coverage\coverage-tool-output\diagnostics.host.23-02-20_11-26-44_89699_10.log" --tracelevel 4 --datacollectionport 59618 --telemetryoptedin false'
TpTrace Verbose: 0 : 4532, 10, 2023/02/20, 11:26:44.952, 15216974108411, vstest.console.dll, MulticastDelegateUtilities.SafeInvoke: HostProviderEvents.OnHostLaunched: Invoking callback 1/2 for Microsoft.VisualStudio.TestPlatform.CrossPlatEngine.Client.ProxyExecutionManagerWithDataCollection., took 1 ms.
TpTrace Verbose: 0 : 4532, 10, 2023/02/20, 11:26:44.952, 15216974112563, vstest.console.dll, Test Runtime launched
TpTrace Verbose: 0 : 4532, 10, 2023/02/20, 11:26:44.952, 15216974113825, vstest.console.dll, MulticastDelegateUtilities.SafeInvoke: HostProviderEvents.OnHostLaunched: Invoking callback 2/2 for Microsoft.VisualStudio.TestPlatform.CrossPlatEngine.Client.ProxyOperationManager., took 0 ms.
TpTrace Verbose: 0 : 4532, 10, 2023/02/20, 11:26:44.953, 15216974116071, vstest.console.dll, TestRequestSender.WaitForRequestHandlerConnection: waiting for connection with timeout: 90000.
TpTrace Verbose: 0 : 4532, 7, 2023/02/20, 11:26:45.263, 15216977224188, vstest.console.dll, MulticastDelegateUtilities.SafeInvoke: SocketServer: ClientConnected: Invoking callback 1/1 for Microsoft.VisualStudio.TestPlatform.CommunicationUtilities.TestRequestSender., took 0 ms.
TpTrace Verbose: 0 : 4532, 7, 2023/02/20, 11:26:45.264, 15216977225605, vstest.console.dll, SocketServer.OnClientConnected: Client connected for endPoint: 127.0.0.1:59619, starting MessageLoopAsync:
TpTrace Verbose: 0 : 4532, 10, 2023/02/20, 11:26:45.263, 15216977224188, vstest.console.dll, TestRequestSender.WaitForRequestHandlerConnection: waiting took 310 ms, with timeout 90000 ms, and result 0, which is success.
TpTrace Verbose: 0 : 4532, 7, 2023/02/20, 11:26:45.264, 15216977228411, vstest.console.dll, TcpClientExtensions.MessageLoopAsync: Polling on remoteEndPoint: 127.0.0.1:59620 localEndPoint: 127.0.0.1:59619
TpTrace Verbose: 0 : 4532, 10, 2023/02/20, 11:26:45.265, 15216977240867, vstest.console.dll, TestRequestSender.CheckVersionWithTestHost: Sending check version message: {"MessageType":"ProtocolVersion","Payload":7}
TpTrace Verbose: 0 : 4532, 7, 2023/02/20, 11:26:45.562, 15216980209186, vstest.console.dll, TcpClientExtensions.MessageLoopAsync: NotifyDataAvailable remoteEndPoint: 127.0.0.1:59620 localEndPoint: 127.0.0.1:59619
TpTrace Verbose: 0 : 4532, 7, 2023/02/20, 11:26:45.562, 15216980212076, vstest.console.dll, TestRequestSender.CheckVersionWithTestHost: onMessageReceived received message: (ProtocolVersion) -> {"MessageType":"ProtocolVersion","Payload":2}
TpTrace Verbose: 0 : 4532, 7, 2023/02/20, 11:26:45.563, 15216980221549, vstest.console.dll, MulticastDelegateUtilities.SafeInvoke: LengthPrefixCommunicationChannel: MessageReceived: Invoking callback 1/1 for Microsoft.VisualStudio.TestPlatform.CommunicationUtilities.TestRequestSender+<>c__DisplayClass26_0., took 0 ms.
TpTrace Verbose: 0 : 4532, 10, 2023/02/20, 11:26:45.563, 15216980222283, vstest.console.dll, TestPluginCache.GetExtensionPaths: Filtered extension paths: 
TpTrace Verbose: 0 : 4532, 7, 2023/02/20, 11:26:45.563, 15216980223289, vstest.console.dll, TcpClientExtensions.MessageLoopAsync: Polling on remoteEndPoint: 127.0.0.1:59620 localEndPoint: 127.0.0.1:59619
TpTrace Verbose: 0 : 4532, 10, 2023/02/20, 11:26:45.563, 15216980223518, vstest.console.dll, TestPluginCache.GetExtensionPaths: Added default extension paths: C:\Program Files\dotnet\sdk\7.0.100\Extensions\Microsoft.Diagnostics.NETCore.Client.dll
C:\Program Files\dotnet\sdk\7.0.100\Extensions\Microsoft.TestPlatform.Extensions.BlameDataCollector.dll
C:\Program Files\dotnet\sdk\7.0.100\Extensions\Microsoft.TestPlatform.Extensions.EventLogCollector.dll
C:\Program Files\dotnet\sdk\7.0.100\Extensions\Microsoft.TestPlatform.TestHostRuntimeProvider.dll
C:\Program Files\dotnet\sdk\7.0.100\Extensions\Microsoft.VisualStudio.TestPlatform.Extensions.Html.TestLogger.dll
C:\Program Files\dotnet\sdk\7.0.100\Extensions\Microsoft.VisualStudio.TestPlatform.Extensions.Trx.TestLogger.dll
TpTrace Verbose: 0 : 4532, 10, 2023/02/20, 11:26:45.568, 15216980270886, vstest.console.dll, TestPluginCache.GetExtensionPaths: Added unfilterableExtensionPaths: 
TpTrace Verbose: 0 : 4532, 10, 2023/02/20, 11:26:45.575, 15216980340198, vstest.console.dll, TestRequestSender.InitializeExecution: Sending initialize execution with message: {"Version":2,"MessageType":"TestExecution.Initialize","Payload":["C:\\Users\\naido\\Desktop\\SoftUni\\Svetlina\\11th grade\\C# OOP\\04.Mini-Exam-Defining-Classes-Testing-Skeleton\\ArrayListTests\\bin\\Debug\\netcoreapp3.1\\fine-code-coverage\\build-output\\NUnit3.TestAdapter.dll"]}
TpTrace Warning: 0 : 4532, 10, 2023/02/20, 11:26:45.576, 15216980347964, vstest.console.dll, InferRunSettingsHelper.MakeRunsettingsCompatible: Removing the following settings: TargetPlatform from RunSettings file. To use those settings please move to latest version of Microsoft.NET.Test.Sdk
TpTrace Verbose: 0 : 4532, 7, 2023/02/20, 11:26:45.587, 15216980464163, vstest.console.dll, TcpClientExtensions.MessageLoopAsync: NotifyDataAvailable remoteEndPoint: 127.0.0.1:59620 localEndPoint: 127.0.0.1:59619
TpTrace Verbose: 0 : 4532, 7, 2023/02/20, 11:26:45.588, 15216980467021, vstest.console.dll, TestRequestSender.OnExecutionMessageReceived: Received message: {"Version":2,"MessageType":"TestSession.Message","Payload":{"MessageLevel":0,"Message":"Logging TestHost Diagnostics in file: C:\\Users\\naido\\Desktop\\SoftUni\\Svetlina\\11th grade\\C# OOP\\04.Mini-Exam-Defining-Classes-Testing-Skeleton\\ArrayListTests\\bin\\Debug\\netcoreapp3.1\\fine-code-coverage\\coverage-tool-output\\diagnostics.host.23-02-20_11-26-44_89699_10.log"}}
TpTrace Verbose: 0 : 4532, 10, 2023/02/20, 11:26:45.591, 15216980498094, vstest.console.dll, TestRequestSender.StartTestRun: Sending test run with message: {"Version":2,"MessageType":"TestExecution.StartWithSources","Payload":{"AdapterSourceMap":{"_none_":["C:\\Users\\naido\\Desktop\\SoftUni\\Svetlina\\11th grade\\C# OOP\\04.Mini-Exam-Defining-Classes-Testing-Skeleton\\ArrayListTests\\bin\\Debug\\netcoreapp3.1\\fine-code-coverage\\build-output\\ArrayListTests.dll"]},"RunSettings":"<RunSettings>\r\n  <RunConfiguration>\r\n    <ResultsDirectory>C:\\Users\\naido\\Desktop\\SoftUni\\Svetlina\\11th grade\\C# OOP\\04.Mini-Exam-Defining-Classes-Testing-Skeleton\\ArrayListTests\\bin\\Debug\\netcoreapp3.1\\fine-code-coverage\\coverage-tool-output</ResultsDirectory>\r\n    <TargetFrameworkVersion>.NETCoreApp,Version=v3.1</TargetFrameworkVersion>\r\n    <DesignMode>False</DesignMode>\r\n    <CollectSourceInformation>False</CollectSourceInformation>\r\n  </RunConfiguration>\r\n  <LoggerRunSettings>\r\n    <Loggers>\r\n      <Logger friendlyName=\"blame\" enabled=\"True\" />\r\n      <Logger friendlyName=\"Console\" uri=\"logger://microsoft/TestPlatform/ConsoleLogger/v1\" assemblyQualifiedName=\"Microsoft.VisualStudio.TestPlatform.CommandLine.Internal.ConsoleLogger, vstest.console, Version=15.0.0.0, Culture=neutral, PublicKeyToken=b03f5f7f11d50a3a\" codeBase=\"C:\\Program Files\\dotnet\\sdk\\7.0.100\\vstest.console.dll\" enabled=\"True\" />\r\n    </Loggers>\r\n  </LoggerRunSettings>\r\n  <DataCollectionRunSettings>\r\n    <DataCollectors>\r\n      <DataCollector friendlyName=\"blame\" enabled=\"True\">\r\n        <Configuration>\r\n          <ResultsDirectory>C:\\Users\\naido\\Desktop\\SoftUni\\Svetlina\\11th grade\\C# OOP\\04.Mini-Exam-Defining-Classes-Testing-Skeleton\\ArrayListTests\\bin\\Debug\\netcoreapp3.1\\fine-code-coverage\\coverage-tool-output</ResultsDirectory>\r\n        </Configuration>\r\n      </DataCollector>\r\n    </DataCollectors>\r\n  </DataCollectionRunSettings>\r\n</RunSettings>","TestExecutionContext":{"FrequencyOfRunStatsChangeEvent":10,"RunStatsChangeEventTimeout":"00:00:01.5000000","InIsolation":false,"KeepAlive":false,"AreTestCaseLevelEventsRequired":false,"IsDebug":false,"TestCaseFilter":null,"FilterOptions":null},"Package":null}}
TpTrace Verbose: 0 : 4532, 7, 2023/02/20, 11:26:45.592, 15216980506761, vstest.console.dll, TestRunRequest:SendTestRunMessage: Starting.
TpTrace Verbose: 0 : 4532, 7, 2023/02/20, 11:26:45.592, 15216980509519, vstest.console.dll, MulticastDelegateUtilities.SafeInvoke: TestRun.LogMessages: Invoking callback 1/1 for Microsoft.VisualStudio.TestPlatform.CommandLine.TestRunResultAggregator., took 0 ms.
TpTrace Information: 0 : 4532, 7, 2023/02/20, 11:26:45.592, 15216980510348, vstest.console.dll, TestRunRequest:SendTestRunMessage: Completed.
TpTrace Verbose: 0 : 4532, 7, 2023/02/20, 11:26:45.592, 15216980511218, vstest.console.dll, MulticastDelegateUtilities.SafeInvoke: LengthPrefixCommunicationChannel: MessageReceived: Invoking callback 1/1 for Microsoft.VisualStudio.TestPlatform.CommunicationUtilities.TestRequestSender+<>c__DisplayClass31_0., took 4 ms.
TpTrace Verbose: 0 : 4532, 7, 2023/02/20, 11:26:45.592, 15216980511930, vstest.console.dll, TcpClientExtensions.MessageLoopAsync: Polling on remoteEndPoint: 127.0.0.1:59620 localEndPoint: 127.0.0.1:59619
TpTrace Verbose: 0 : 4532, 4, 2023/02/20, 11:26:45.592, 15216980512095, vstest.console.dll, MulticastDelegateUtilities.SafeInvoke: InternalTestLoggerEvents.SendTestRunMessage: Invoking callback 1/1 for Microsoft.VisualStudio.TestPlatform.CommandLine.Internal.ConsoleLogger., took 0 ms.
TpTrace Verbose: 0 : 4532, 7, 2023/02/20, 11:26:45.860, 15216983188446, vstest.console.dll, TcpClientExtensions.MessageLoopAsync: NotifyDataAvailable remoteEndPoint: 127.0.0.1:59620 localEndPoint: 127.0.0.1:59619
TpTrace Verbose: 0 : 4532, 7, 2023/02/20, 11:26:45.860, 15216983193203, vstest.console.dll, TestRequestSender.OnExecutionMessageReceived: Received message: {"Version":2,"MessageType":"TestSession.Message","Payload":{"MessageLevel":0,"Message":"NUnit Adapter 3.16.1.0: Test execution started"}}
TpTrace Verbose: 0 : 4532, 7, 2023/02/20, 11:26:45.861, 15216983197980, vstest.console.dll, TestRunRequest:SendTestRunMessage: Starting.
TpTrace Verbose: 0 : 4532, 7, 2023/02/20, 11:26:45.861, 15216983201187, vstest.console.dll, MulticastDelegateUtilities.SafeInvoke: TestRun.LogMessages: Invoking callback 1/1 for Microsoft.VisualStudio.TestPlatform.CommandLine.TestRunResultAggregator., took 0 ms.
TpTrace Information: 0 : 4532, 7, 2023/02/20, 11:26:45.861, 15216983202133, vstest.console.dll, TestRunRequest:SendTestRunMessage: Completed.
TpTrace Verbose: 0 : 4532, 7, 2023/02/20, 11:26:45.861, 15216983203200, vstest.console.dll, MulticastDelegateUtilities.SafeInvoke: LengthPrefixCommunicationChannel: MessageReceived: Invoking callback 1/1 for Microsoft.VisualStudio.TestPlatform.CommunicationUtilities.TestRequestSender+<>c__DisplayClass31_0., took 1 ms.
TpTrace Verbose: 0 : 4532, 7, 2023/02/20, 11:26:45.861, 15216983203895, vstest.console.dll, TcpClientExtensions.MessageLoopAsync: Polling on remoteEndPoint: 127.0.0.1:59620 localEndPoint: 127.0.0.1:59619
TpTrace Verbose: 0 : 4532, 4, 2023/02/20, 11:26:45.862, 15216983205053, vstest.console.dll, MulticastDelegateUtilities.SafeInvoke: InternalTestLoggerEvents.SendTestRunMessage: Invoking callback 1/1 for Microsoft.VisualStudio.TestPlatform.CommandLine.Internal.ConsoleLogger., took 0 ms.
TpTrace Verbose: 0 : 4532, 7, 2023/02/20, 11:26:45.879, 15216983376348, vstest.console.dll, TcpClientExtensions.MessageLoopAsync: NotifyDataAvailable remoteEndPoint: 127.0.0.1:59620 localEndPoint: 127.0.0.1:59619
TpTrace Verbose: 0 : 4532, 7, 2023/02/20, 11:26:45.879, 15216983378044, vstest.console.dll, TestRequestSender.OnExecutionMessageReceived: Received message: {"Version":2,"MessageType":"TestSession.Message","Payload":{"MessageLevel":0,"Message":"Running all tests in C:\\Users\\naido\\Desktop\\SoftUni\\Svetlina\\11th grade\\C# OOP\\04.Mini-Exam-Defining-Classes-Testing-Skeleton\\ArrayListTests\\bin\\Debug\\netcoreapp3.1\\fine-code-coverage\\build-output\\ArrayListTests.dll"}}
TpTrace Verbose: 0 : 4532, 7, 2023/02/20, 11:26:45.879, 15216983379847, vstest.console.dll, TestRunRequest:SendTestRunMessage: Starting.
TpTrace Verbose: 0 : 4532, 7, 2023/02/20, 11:26:45.879, 15216983380924, vstest.console.dll, MulticastDelegateUtilities.SafeInvoke: TestRun.LogMessages: Invoking callback 1/1 for Microsoft.VisualStudio.TestPlatform.CommandLine.TestRunResultAggregator., took 0 ms.
TpTrace Verbose: 0 : 4532, 4, 2023/02/20, 11:26:45.879, 15216983381002, vstest.console.dll, MulticastDelegateUtilities.SafeInvoke: InternalTestLoggerEvents.SendTestRunMessage: Invoking callback 1/1 for Microsoft.VisualStudio.TestPlatform.CommandLine.Internal.ConsoleLogger., took 0 ms.
TpTrace Information: 0 : 4532, 7, 2023/02/20, 11:26:45.879, 15216983381582, vstest.console.dll, TestRunRequest:SendTestRunMessage: Completed.
TpTrace Verbose: 0 : 4532, 7, 2023/02/20, 11:26:45.879, 15216983382728, vstest.console.dll, MulticastDelegateUtilities.SafeInvoke: LengthPrefixCommunicationChannel: MessageReceived: Invoking callback 1/1 for Microsoft.VisualStudio.TestPlatform.CommunicationUtilities.TestRequestSender+<>c__DisplayClass31_0., took 0 ms.
TpTrace Verbose: 0 : 4532, 7, 2023/02/20, 11:26:45.879, 15216983383245, vstest.console.dll, TcpClientExtensions.MessageLoopAsync: Polling on remoteEndPoint: 127.0.0.1:59620 localEndPoint: 127.0.0.1:59619
TpTrace Verbose: 0 : 4532, 7, 2023/02/20, 11:26:46.137, 15216985957989, vstest.console.dll, TcpClientExtensions.MessageLoopAsync: NotifyDataAvailable remoteEndPoint: 127.0.0.1:59620 localEndPoint: 127.0.0.1:59619
TpTrace Verbose: 0 : 4532, 7, 2023/02/20, 11:26:46.137, 15216985959649, vstest.console.dll, TestRequestSender.OnExecutionMessageReceived: Received message: {"Version":2,"MessageType":"TestSession.Message","Payload":{"MessageLevel":0,"Message":"   NUnit3TestExecutor converted 4 of 4 NUnit test cases"}}
TpTrace Verbose: 0 : 4532, 7, 2023/02/20, 11:26:46.137, 15216985961108, vstest.console.dll, TestRunRequest:SendTestRunMessage: Starting.
TpTrace Verbose: 0 : 4532, 7, 2023/02/20, 11:26:46.137, 15216985961921, vstest.console.dll, MulticastDelegateUtilities.SafeInvoke: TestRun.LogMessages: Invoking callback 1/1 for Microsoft.VisualStudio.TestPlatform.CommandLine.TestRunResultAggregator., took 0 ms.
TpTrace Verbose: 0 : 4532, 4, 2023/02/20, 11:26:46.137, 15216985962044, vstest.console.dll, MulticastDelegateUtilities.SafeInvoke: InternalTestLoggerEvents.SendTestRunMessage: Invoking callback 1/1 for Microsoft.VisualStudio.TestPlatform.CommandLine.Internal.ConsoleLogger., took 0 ms.
TpTrace Information: 0 : 4532, 7, 2023/02/20, 11:26:46.137, 15216985962462, vstest.console.dll, TestRunRequest:SendTestRunMessage: Completed.
TpTrace Verbose: 0 : 4532, 7, 2023/02/20, 11:26:46.137, 15216985963546, vstest.console.dll, MulticastDelegateUtilities.SafeInvoke: LengthPrefixCommunicationChannel: MessageReceived: Invoking callback 1/1 for Microsoft.VisualStudio.TestPlatform.CommunicationUtilities.TestRequestSender+<>c__DisplayClass31_0., took 0 ms.
TpTrace Verbose: 0 : 4532, 7, 2023/02/20, 11:26:46.137, 15216985964026, vstest.console.dll, TcpClientExtensions.MessageLoopAsync: Polling on remoteEndPoint: 127.0.0.1:59620 localEndPoint: 127.0.0.1:59619
TpTrace Verbose: 0 : 4532, 7, 2023/02/20, 11:26:46.326, 15216987849382, vstest.console.dll, TcpClientExtensions.MessageLoopAsync: NotifyDataAvailable remoteEndPoint: 127.0.0.1:59620 localEndPoint: 127.0.0.1:59619
TpTrace Verbose: 0 : 4532, 7, 2023/02/20, 11:26:46.326, 15216987851167, vstest.console.dll, TestRequestSender.OnExecutionMessageReceived: Received message: {"Version":2,"MessageType":"TestSession.Message","Payload":{"MessageLevel":0,"Message":"NUnit Adapter 3.16.1.0: Test execution complete"}}
TpTrace Verbose: 0 : 4532, 7, 2023/02/20, 11:26:46.326, 15216987852915, vstest.console.dll, TestRunRequest:SendTestRunMessage: Starting.
TpTrace Verbose: 0 : 4532, 7, 2023/02/20, 11:26:46.326, 15216987853945, vstest.console.dll, MulticastDelegateUtilities.SafeInvoke: TestRun.LogMessages: Invoking callback 1/1 for Microsoft.VisualStudio.TestPlatform.CommandLine.TestRunResultAggregator., took 0 ms.
TpTrace Information: 0 : 4532, 7, 2023/02/20, 11:26:46.327, 15216987854519, vstest.console.dll, TestRunRequest:SendTestRunMessage: Completed.
TpTrace Verbose: 0 : 4532, 7, 2023/02/20, 11:26:46.327, 15216987855092, vstest.console.dll, MulticastDelegateUtilities.SafeInvoke: LengthPrefixCommunicationChannel: MessageReceived: Invoking callback 1/1 for Microsoft.VisualStudio.TestPlatform.CommunicationUtilities.TestRequestSender+<>c__DisplayClass31_0., took 0 ms.
TpTrace Verbose: 0 : 4532, 7, 2023/02/20, 11:26:46.327, 15216987855660, vstest.console.dll, TcpClientExtensions.MessageLoopAsync: Polling on remoteEndPoint: 127.0.0.1:59620 localEndPoint: 127.0.0.1:59619
TpTrace Verbose: 0 : 4532, 4, 2023/02/20, 11:26:46.327, 15216987856612, vstest.console.dll, MulticastDelegateUtilities.SafeInvoke: InternalTestLoggerEvents.SendTestRunMessage: Invoking callback 1/1 for Microsoft.VisualStudio.TestPlatform.CommandLine.Internal.ConsoleLogger., took 0 ms.
TpTrace Verbose: 0 : 4532, 7, 2023/02/20, 11:26:46.428, 15216988866010, vstest.console.dll, TcpClientExtensions.MessageLoopAsync: NotifyDataAvailable remoteEndPoint: 127.0.0.1:59620 localEndPoint: 127.0.0.1:59619
TpTrace Verbose: 0 : 4532, 7, 2023/02/20, 11:26:46.428, 15216988868449, vstest.console.dll, TestRequestSender.OnExecutionMessageReceived: Received message: {"Version":2,"MessageType":"TestExecution.Completed","Payload":{"TestRunCompleteArgs":{"TestRunStatistics":{"ExecutedTests":4,"Stats":{"Passed":4}},"IsCanceled":false,"IsAborted":false,"Error":null,"AttachmentSets":[],"ElapsedTimeInRunningTests":"00:00:00.5178919","Metrics":{}},"LastRunTests":{"NewTestResults":[{"TestCase":{"Id":"167c42e4-110c-0a54-6c37-be9b93f32674","FullyQualifiedName":"ArrayListTests.Tests.Test_ArrayList_Add","DisplayName":"Test_ArrayList_Add","ExecutorUri":"executor://NUnit3TestExecutor","Source":"C:\\Users\\naido\\Desktop\\SoftUni\\Svetlina\\11th grade\\C# OOP\\04.Mini-Exam-Defining-Classes-Testing-Skeleton\\ArrayListTests\\bin\\Debug\\netcoreapp3.1\\fine-code-coverage\\build-output\\ArrayListTests.dll","CodeFilePath":null,"LineNumber":0,"Properties":[]},"Attachments":[],"Outcome":1,"ErrorMessage":null,"ErrorStackTrace":null,"DisplayName":"Test_ArrayList_Add","Messages":[],"ComputerName":"DESKTOP-7LE9FM7","Duration":"00:00:00.0238590","StartTime":"2023-02-20T09:26:46+00:00","EndTime":"2023-02-20T09:26:46+00:00","Properties":[]},{"TestCase":{"Id":"d00d7220-1ee3-153e-bc85-5e971fcb1cb8","FullyQualifiedName":"ArrayListTests.Tests.Test_ArrayList_Constructor","DisplayName":"Test_ArrayList_Constructor","ExecutorUri":"executor://NUnit3TestExecutor","Source":"C:\\Users\\naido\\Desktop\\SoftUni\\Svetlina\\11th grade\\C# OOP\\04.Mini-Exam-Defining-Classes-Testing-Skeleton\\ArrayListTests\\bin\\Debug\\netcoreapp3.1\\fine-code-coverage\\build-output\\ArrayListTests.dll","CodeFilePath":null,"LineNumber":0,"Properties":[]},"Attachments":[],"Outcome":1,"ErrorMessage":null,"ErrorStackTrace":null,"DisplayName":"Test_ArrayList_Constructor","Messages":[],"ComputerName":"DESKTOP-7LE9FM7","Duration":"00:00:00.0002260","StartTime":"2023-02-20T09:26:46+00:00","EndTime":"2023-02-20T09:26:46+00:00","Properties":[]},{"TestCase":{"Id":"00a9322c-2b0c-4ea0-7ac6-59ec74a61974","FullyQualifiedName":"ArrayListTests.Tests.Test_Change","DisplayName":"Test_Change","ExecutorUri":"executor://NUnit3TestExecutor","Source":"C:\\Users\\naido\\Desktop\\SoftUni\\Svetlina\\11th grade\\C# OOP\\04.Mini-Exam-Defining-Classes-Testing-Skeleton\\ArrayListTests\\bin\\Debug\\netcoreapp3.1\\fine-code-coverage\\build-output\\ArrayListTests.dll","CodeFilePath":null,"LineNumber":0,"Properties":[]},"Attachments":[],"Outcome":1,"ErrorMessage":null,"ErrorStackTrace":null,"DisplayName":"Test_Change","Messages":[],"ComputerName":"DESKTOP-7LE9FM7","Duration":"00:00:00.0004700","StartTime":"2023-02-20T09:26:46+00:00","EndTime":"2023-02-20T09:26:46+00:00","Properties":[]},{"TestCase":{"Id":"024717b5-0748-5e49-6881-14eaadfe1aba","FullyQualifiedName":"ArrayListTests.Tests.Test_Cut","DisplayName":"Test_Cut","ExecutorUri":"executor://NUnit3TestExecutor","Source":"C:\\Users\\naido\\Desktop\\SoftUni\\Svetlina\\11th grade\\C# OOP\\04.Mini-Exam-Defining-Classes-Testing-Skeleton\\ArrayListTests\\bin\\Debug\\netcoreapp3.1\\fine-code-coverage\\build-output\\ArrayListTests.dll","CodeFilePath":null,"LineNumber":0,"Properties":[]},"Attachments":[],"Outcome":1,"ErrorMessage":null,"ErrorStackTrace":null,"DisplayName":"Test_Cut","Messages":[],"ComputerName":"DESKTOP-7LE9FM7","Duration":"00:00:00.0136810","StartTime":"2023-02-20T09:26:46+00:00","EndTime":"2023-02-20T09:26:46+00:00","Properties":[]}],"TestRunStatistics":{"ExecutedTests":4,"Stats":{"Passed":4}},"ActiveTests":[]},"RunAttachments":[],"ExecutorUris":["executor://nunit3testexecutor/"]}}
TpTrace Verbose: 0 : 4532, 7, 2023/02/20, 11:26:46.428, 15216988870139, vstest.console.dll, TestRequestSender.EndSession: Sending end session.
TpTrace Verbose: 0 : 4532, 7, 2023/02/20, 11:26:46.428, 15216988872805, vstest.console.dll, ProxyOperationManager.Close: waiting for test host to exit for 100 ms
TpTrace Warning: 0 : 4532, 11, 2023/02/20, 11:26:46.443, 15216989021339, vstest.console.dll, TestHostManagerCallbacks.ErrorReceivedCallback Test host standard error line: 
TpTrace Verbose: 0 : 4532, 11, 2023/02/20, 11:26:46.455, 15216989141625, vstest.console.dll, TestHostProvider.ExitCallBack: Host exited starting callback.
TpTrace Information: 0 : 4532, 11, 2023/02/20, 11:26:46.455, 15216989144125, vstest.console.dll, TestHostManagerCallbacks.ExitCallBack: Testhost processId: 17516 exited with exitcode: 0 error: ''
TpTrace Verbose: 0 : 4532, 11, 2023/02/20, 11:26:46.456, 15216989144841, vstest.console.dll, DotnetTestHostManager.OnHostExited: invoking OnHostExited callback
TpTrace Verbose: 0 : 4532, 11, 2023/02/20, 11:26:46.456, 15216989145547, vstest.console.dll, CrossPlatEngine.TestHostManagerHostExited: calling on client process exit callback.
TpTrace Information: 0 : 4532, 11, 2023/02/20, 11:26:46.456, 15216989146266, vstest.console.dll, TestRequestSender.OnClientProcessExit: Test host process exited. Standard error: 
TpTrace Information: 0 : 4532, 11, 2023/02/20, 11:26:46.456, 15216989146895, vstest.console.dll, SocketServer.Stop: Stop server endPoint: 127.0.0.1:59619
TpTrace Information: 0 : 4532, 11, 2023/02/20, 11:26:46.456, 15216989147333, vstest.console.dll, SocketServer.Stop: Cancellation requested. Stopping message loop.
TpTrace Information: 0 : 4532, 7, 2023/02/20, 11:26:46.456, 15216989147551, vstest.console.dll, SocketServer.Stop: Stop server endPoint: 127.0.0.1:59619
TpTrace Information: 0 : 4532, 7, 2023/02/20, 11:26:46.456, 15216989148560, vstest.console.dll, SocketServer.Stop: Cancellation requested. Stopping message loop.
TpTrace Verbose: 0 : 4532, 11, 2023/02/20, 11:26:46.456, 15216989149007, vstest.console.dll, MulticastDelegateUtilities.SafeInvoke: HostProviderEvents.OnHostExited: Invoking callback 1/1 for Microsoft.VisualStudio.TestPlatform.CrossPlatEngine.Client.ProxyOperationManager., took 0 ms.
TpTrace Information: 0 : 4532, 7, 2023/02/20, 11:26:46.456, 15216989149342, vstest.console.dll, Closing the connection
TpTrace Verbose: 0 : 4532, 7, 2023/02/20, 11:26:46.456, 15216989153020, vstest.console.dll, ProxyDataCollectionManager.InvokeDataCollectionServiceAction: Starting.
TpTrace Information: 0 : 4532, 7, 2023/02/20, 11:26:46.456, 15216989153735, vstest.console.dll, ProxyDataCollectionManager.AfterTestRunEnd: Get attachment set and invoked data collectors processId: 21752 port: 59616
TpTrace Verbose: 0 : 4532, 7, 2023/02/20, 11:26:46.457, 15216989154474, vstest.console.dll, DataCollectionRequestSender.SendAfterTestRunStartAndGetResult: Send AfterTestRunEnd message with isCancelled: False
TpTrace Verbose: 0 : 4532, 7, 2023/02/20, 11:26:46.473, 15216989321018, vstest.console.dll, DataCollectionRequestSender.SendAfterTestRunStartAndGetResult: Received message: (DataCollection.AfterTestRunEndResult) -> {"MessageType":"DataCollection.AfterTestRunEndResult","Payload":{"AttachmentSets":[],"InvokedDataCollectors":[{"Uri":"datacollector://Microsoft/TestPlatform/Extensions/Blame/v1","FriendlyName":"Blame","AssemblyQualifiedName":"Microsoft.TestPlatform.Extensions.BlameDataCollector.BlameCollector, Microsoft.TestPlatform.Extensions.BlameDataCollector, Version=15.0.0.0, Culture=neutral, PublicKeyToken=b03f5f7f11d50a3a","FilePath":"C:\\Program Files\\dotnet\\sdk\\7.0.100\\Extensions\\Microsoft.TestPlatform.Extensions.BlameDataCollector.dll","HasAttachmentProcessor":false}],"Metrics":{}}}
TpTrace Warning: 0 : 4532, 9, 2023/02/20, 11:26:46.479, 15216989383334, vstest.console.dll, DataCollectionLauncher.ErrorReceivedCallback datacollector standard error line: 
TpTrace Information: 0 : 4532, 7, 2023/02/20, 11:26:46.484, 15216989426417, vstest.console.dll, ProxyDataCollectionManager.InvokeDataCollectionServiceAction: Completed.
TpTrace Information: 0 : 4532, 9, 2023/02/20, 11:26:46.488, 15216989469813, vstest.console.dll, DataCollectionLauncher.ExitCallBack: Data collector exited with exitcode: 0 error: ''
TpTrace Verbose: 0 : 4532, 7, 2023/02/20, 11:26:46.569, 15216990283931, vstest.console.dll, TestRunRequest:SendTestRunStatsChange: Starting.
TpTrace Verbose: 0 : 4532, 7, 2023/02/20, 11:26:46.570, 15216990287745, vstest.console.dll, MulticastDelegateUtilities.SafeInvoke: TestRun.RunStatsChanged: Invoking callbacks was skipped because there are no subscribers.
TpTrace Information: 0 : 4532, 7, 2023/02/20, 11:26:46.570, 15216990288454, vstest.console.dll, TestRunRequest:SendTestRunStatsChange: Completed.
TpTrace Verbose: 0 : 4532, 7, 2023/02/20, 11:26:46.570, 15216990293315, vstest.console.dll, ParallelProxyExecutionManager: HandlePartialRunComplete: Total completed clients = 1, Run complete = True, Run canceled: False.
TpTrace Verbose: 0 : 4532, 4, 2023/02/20, 11:26:46.572, 15216990310217, vstest.console.dll, MulticastDelegateUtilities.SafeInvoke: InternalTestLoggerEvents.SendTestResult: Invoking callback 1/1 for Microsoft.VisualStudio.TestPlatform.CommandLine.Internal.ConsoleLogger., took 2 ms.
TpTrace Verbose: 0 : 4532, 4, 2023/02/20, 11:26:46.572, 15216990313719, vstest.console.dll, MulticastDelegateUtilities.SafeInvoke: InternalTestLoggerEvents.SendTestResult: Invoking callback 1/1 for Microsoft.VisualStudio.TestPlatform.CommandLine.Internal.ConsoleLogger., took 0 ms.
TpTrace Verbose: 0 : 4532, 4, 2023/02/20, 11:26:46.573, 15216990314761, vstest.console.dll, MulticastDelegateUtilities.SafeInvoke: InternalTestLoggerEvents.SendTestResult: Invoking callback 1/1 for Microsoft.VisualStudio.TestPlatform.CommandLine.Internal.ConsoleLogger., took 0 ms.
TpTrace Verbose: 0 : 4532, 4, 2023/02/20, 11:26:46.573, 15216990315707, vstest.console.dll, MulticastDelegateUtilities.SafeInvoke: InternalTestLoggerEvents.SendTestResult: Invoking callback 1/1 for Microsoft.VisualStudio.TestPlatform.CommandLine.Internal.ConsoleLogger., took 0 ms.
TpTrace Verbose: 0 : 4532, 4, 2023/02/20, 11:26:46.591, 15216990499935, vstest.console.dll, MulticastDelegateUtilities.SafeInvoke: InternalTestLoggerEvents.SendTestRunComplete: Invoking callback 1/2 for Microsoft.TestPlatform.Extensions.BlameDataCollector.BlameLogger., took 0 ms.
TpTrace Verbose: 0 : 4532, 4, 2023/02/20, 11:26:46.604, 15216990631325, vstest.console.dll, MulticastDelegateUtilities.SafeInvoke: InternalTestLoggerEvents.SendTestRunComplete: Invoking callback 2/2 for Microsoft.VisualStudio.TestPlatform.CommandLine.Internal.ConsoleLogger., took 13 ms.
TpTrace Verbose: 0 : 4532, 7, 2023/02/20, 11:26:46.605, 15216990636094, vstest.console.dll, TestRunRequest:TestRunComplete: Starting. IsAborted:False IsCanceled:False.
TpTrace Verbose: 0 : 4532, 7, 2023/02/20, 11:26:46.607, 15216990660989, vstest.console.dll, TestLoggerManager.HandleTestRunComplete: Ignoring as the object is disposed.
TpTrace Verbose: 0 : 4532, 7, 2023/02/20, 11:26:46.608, 15216990665510, vstest.console.dll, MulticastDelegateUtilities.SafeInvoke: TestRun.TestRunComplete: Invoking callback 1/2 for Microsoft.VisualStudio.TestPlatform.CommandLine.TestRunResultAggregator., took 0 ms.
TpTrace Verbose: 0 : 4532, 7, 2023/02/20, 11:26:46.608, 15216990668107, vstest.console.dll, MulticastDelegateUtilities.SafeInvoke: TestRun.TestRunComplete: Invoking callback 2/2 for Microsoft.VisualStudio.TestPlatform.CommandLine.Processors.RunTestsArgumentExecutor+TestRunRequestEventsRegistrar., took 0 ms.
TpTrace Information: 0 : 4532, 7, 2023/02/20, 11:26:46.608, 15216990669650, vstest.console.dll, TestRunRequest:TestRunComplete: Completed.
TpTrace Verbose: 0 : 4532, 7, 2023/02/20, 11:26:46.608, 15216990670298, vstest.console.dll, TestRequestSender.SetOperationComplete: Setting operation complete.
TpTrace Information: 0 : 4532, 7, 2023/02/20, 11:26:46.608, 15216990670779, vstest.console.dll, SocketServer.Stop: Stop server endPoint: 127.0.0.1:59619
TpTrace Information: 0 : 4532, 7, 2023/02/20, 11:26:46.608, 15216990671340, vstest.console.dll, SocketServer.Stop: Cancellation requested. Stopping message loop.
TpTrace Verbose: 0 : 4532, 7, 2023/02/20, 11:26:46.608, 15216990671935, vstest.console.dll, MulticastDelegateUtilities.SafeInvoke: LengthPrefixCommunicationChannel: MessageReceived: Invoking callback 1/1 for Microsoft.VisualStudio.TestPlatform.CommunicationUtilities.TestRequestSender+<>c__DisplayClass31_0., took 180 ms.
TpTrace Information: 0 : 4532, 7, 2023/02/20, 11:26:46.608, 15216990672607, vstest.console.dll, SocketServer.PrivateStop: Stopping server endPoint: 127.0.0.1:59619 error: 
TpTrace Verbose: 0 : 4532, 1, 2023/02/20, 11:26:46.609, 15216990676538, vstest.console.dll, TestRunRequest.Dispose: Starting.
TpTrace Information: 0 : 4532, 1, 2023/02/20, 11:26:46.609, 15216990677668, vstest.console.dll, TestRunRequest.Dispose: Completed.
TpTrace Information: 0 : 4532, 1, 2023/02/20, 11:26:46.609, 15216990678445, vstest.console.dll, TestRequestManager.RunTests: run tests completed.
TpTrace Verbose: 0 : 4532, 7, 2023/02/20, 11:26:46.609, 15216990680148, vstest.console.dll, LengthPrefixCommunicationChannel.Dispose: Dispose reader and writer.
TpTrace Information: 0 : 4532, 1, 2023/02/20, 11:26:46.609, 15216990680507, vstest.console.dll, RunTestsArgumentProcessor:Execute: Test run is completed.
TpTrace Information: 0 : 4532, 7, 2023/02/20, 11:26:46.609, 15216990681485, vstest.console.dll, SocketServer.Stop: Raise disconnected event endPoint: 127.0.0.1:59619 error: 
TpTrace Verbose: 0 : 4532, 7, 2023/02/20, 11:26:46.609, 15216990682670, vstest.console.dll, TestRequestSender: OnTestRunAbort: Operation is already complete. Skip error message.
TpTrace Verbose: 0 : 4532, 7, 2023/02/20, 11:26:46.609, 15216990683263, vstest.console.dll, MulticastDelegateUtilities.SafeInvoke: SocketServer: ClientDisconnected: Invoking callback 1/1 for Microsoft.VisualStudio.TestPlatform.CommunicationUtilities.TestRequestSender., took 0 ms.
TpTrace Verbose: 0 : 4532, 7, 2023/02/20, 11:26:46.609, 15216990683784, vstest.console.dll, TcpClientExtensions.MessageLoopAsync: exiting MessageLoopAsync remoteEndPoint: 127.0.0.1:59620 localEndPoint: 127.0.0.1:59619
TpTrace Verbose: 0 : 4532, 1, 2023/02/20, 11:26:46.609, 15216990683879, vstest.console.dll, Executor.Execute: Exiting with exit code of 0
